This is pdfTeX, Version 3.141592653-2.6-1.40.22 (MiKTeX 21.6) (preloaded format=pdflatex 2021.9.4)  1 JAN 2022 13:31
entering extended mode
**./20-classification.tex
(20-classification.tex
LaTeX2e <2021-06-01>
L3 programming layer <2021-06-01>
! Undefined control sequence.
l.1 \chapter
            {–ö–æ–Ω—Å—Ç—Ä—É–∫—Ç–æ—Ä—Å–∫–∞ —á–∞—Å—Ç—å}
The control sequence at the end of the top line
of your error message was never \def'ed. If you have
misspelled it (e.g., `\hobx'), type `I' and the correct
spelling (e.g., `I\hbox'). Otherwise just continue,
and I'll forget about whatever was undefined.


! Package inputenc Error: Unicode character –ö (U+041A)
(inputenc)                not set up for use with LaTeX.

See the inputenc package documentation for explanation.
Type  H <return>  for immediate help.
 ...                                              
                                                  
l.1 \chapter{–ö
               –æ–Ω—Å—Ç—Ä—É–∫—Ç–æ—Ä—Å–∫–∞ —á–∞—Å—Ç—å}
You may provide a definition with
\DeclareUnicodeCharacter 


! Package inputenc Error: Unicode character –æ (U+043E)
(inputenc)                not set up for use with LaTeX.

See the inputenc package documentation for explanation.
Type  H <return>  for immediate help.
 ...                                              
                                                  
l.1 \chapter{–ö–æ
                 –Ω—Å—Ç—Ä—É–∫—Ç–æ—Ä—Å–∫–∞ —á–∞—Å—Ç—å}
You may provide a definition with
\DeclareUnicodeCharacter 


! Package inputenc Error: Unicode character –Ω (U+043D)
(inputenc)                not set up for use with LaTeX.

See the inputenc package documentation for explanation.
Type  H <return>  for immediate help.
 ...                                              
                                                  
l.1 \chapter{–ö–æ–Ω
                   —Å—Ç—Ä—É–∫—Ç–æ—Ä—Å–∫–∞ —á–∞—Å—Ç—å}
You may provide a definition with
\DeclareUnicodeCharacter 


! Package inputenc Error: Unicode character —Å (U+0441)
(inputenc)                not set up for use with LaTeX.

See the inputenc package documentation for explanation.
Type  H <return>  for immediate help.
 ...                                              
                                                  
l.1 \chapter{–ö–æ–Ω—Å
                     —Ç—Ä—É–∫—Ç–æ—Ä—Å–∫–∞ —á–∞—Å—Ç—å}
You may provide a definition with
\DeclareUnicodeCharacter 


! Package inputenc Error: Unicode character —Ç (U+0442)
(inputenc)                not set up for use with LaTeX.

See the inputenc package documentation for explanation.
Type  H <return>  for immediate help.
 ...                                              
                                                  
l.1 \chapter{–ö–æ–Ω—Å—Ç
                       —Ä—É–∫—Ç–æ—Ä—Å–∫–∞ —á–∞—Å—Ç—å}
You may provide a definition with
\DeclareUnicodeCharacter 


! Package inputenc Error: Unicode character —Ä (U+0440)
(inputenc)                not set up for use with LaTeX.

See the inputenc package documentation for explanation.
Type  H <return>  for immediate help.
 ...                                              
                                                  
l.1 \chapter{–ö–æ–Ω—Å—Ç—Ä
                         —É–∫—Ç–æ—Ä—Å–∫–∞ —á–∞—Å—Ç—å}
You may provide a definition with
\DeclareUnicodeCharacter 


! Package inputenc Error: Unicode character —É (U+0443)
(inputenc)                not set up for use with LaTeX.

See the inputenc package documentation for explanation.
Type  H <return>  for immediate help.
 ...                                              
                                                  
l.1 \chapter{–ö–æ–Ω—Å—Ç—Ä—É
                           –∫—Ç–æ—Ä—Å–∫–∞ —á–∞—Å—Ç—å}
You may provide a definition with
\DeclareUnicodeCharacter 


! Package inputenc Error: Unicode character –∫ (U+043A)
(inputenc)                not set up for use with LaTeX.

See the inputenc package documentation for explanation.
Type  H <return>  for immediate help.
 ...                                              
                                                  
l.1 \chapter{–ö–æ–Ω—Å—Ç—Ä—É–∫
                             —Ç–æ—Ä—Å–∫–∞ —á–∞—Å—Ç—å}
You may provide a definition with
\DeclareUnicodeCharacter 


! Package inputenc Error: Unicode character —Ç (U+0442)
(inputenc)                not set up for use with LaTeX.

See the inputenc package documentation for explanation.
Type  H <return>  for immediate help.
 ...                                              
                                                  
l.1 \chapter{–ö–æ–Ω—Å—Ç—Ä—É–∫—Ç
                               –æ—Ä—Å–∫–∞ —á–∞—Å—Ç—å}
You may provide a definition with
\DeclareUnicodeCharacter 


! Package inputenc Error: Unicode character –æ (U+043E)
(inputenc)                not set up for use with LaTeX.

See the inputenc package documentation for explanation.
Type  H <return>  for immediate help.
 ...                                              
                                                  
l.1 \chapter{–ö–æ–Ω—Å—Ç—Ä—É–∫—Ç–æ
                                 —Ä—Å–∫–∞ —á–∞—Å—Ç—å}
You may provide a definition with
\DeclareUnicodeCharacter 


! Package inputenc Error: Unicode character —Ä (U+0440)
(inputenc)                not set up for use with LaTeX.

See the inputenc package documentation for explanation.
Type  H <return>  for immediate help.
 ...                                              
                                                  
l.1 \chapter{–ö–æ–Ω—Å—Ç—Ä—É–∫—Ç–æ—Ä
                                   —Å–∫–∞ —á–∞—Å—Ç—å}
You may provide a definition with
\DeclareUnicodeCharacter 


! Package inputenc Error: Unicode character —Å (U+0441)
(inputenc)                not set up for use with LaTeX.

See the inputenc package documentation for explanation.
Type  H <return>  for immediate help.
 ...                                              
                                                  
l.1 \chapter{–ö–æ–Ω—Å—Ç—Ä—É–∫—Ç–æ—Ä—Å
                                     –∫–∞ —á–∞—Å—Ç—å}
You may provide a definition with
\DeclareUnicodeCharacter 


! Package inputenc Error: Unicode character –∫ (U+043A)
(inputenc)                not set up for use with LaTeX.

See the inputenc package documentation for explanation.
Type  H <return>  for immediate help.
 ...                                              
                                                  
l.1 \chapter{–ö–æ–Ω—Å—Ç—Ä—É–∫—Ç–æ—Ä—Å–∫
                                       –∞ —á–∞—Å—Ç—å}
You may provide a definition with
\DeclareUnicodeCharacter 


! Package inputenc Error: Unicode character –∞ (U+0430)
(inputenc)                not set up for use with LaTeX.

See the inputenc package documentation for explanation.
Type  H <return>  for immediate help.
 ...                                              
                                                  
l.1 \chapter{–ö–æ–Ω—Å—Ç—Ä—É–∫—Ç–æ—Ä—Å–∫–∞
                                          —á–∞—Å—Ç—å}
You may provide a definition with
\DeclareUnicodeCharacter 


! Package inputenc Error: Unicode character —á (U+0447)
(inputenc)                not set up for use with LaTeX.

See the inputenc package documentation for explanation.
Type  H <return>  for immediate help.
 ...                                              
                                                  
l.1 \chapter{–ö–æ–Ω—Å—Ç—Ä—É–∫—Ç–æ—Ä—Å–∫–∞ —á
                                            –∞—Å—Ç—å}
You may provide a definition with
\DeclareUnicodeCharacter 


! Package inputenc Error: Unicode character –∞ (U+0430)
(inputenc)                not set up for use with LaTeX.

See the inputenc package documentation for explanation.
Type  H <return>  for immediate help.
 ...                                              
                                                  
l.1 \chapter{–ö–æ–Ω—Å—Ç—Ä—É–∫—Ç–æ—Ä—Å–∫–∞ —á–∞
                                              —Å—Ç—å}
You may provide a definition with
\DeclareUnicodeCharacter 


! Package inputenc Error: Unicode character —Å (U+0441)
(inputenc)                not set up for use with LaTeX.

See the inputenc package documentation for explanation.
Type  H <return>  for immediate help.
 ...                                              
                                                  
l.1 \chapter{–ö–æ–Ω—Å—Ç—Ä—É–∫—Ç–æ—Ä—Å–∫–∞ —á–∞—Å
                                                —Ç—å}
You may provide a definition with
\DeclareUnicodeCharacter 


! Package inputenc Error: Unicode character —Ç (U+0442)
(inputenc)                not set up for use with LaTeX.

See the inputenc package documentation for explanation.
Type  H <return>  for immediate help.
 ...                                              
                                                  
l.1 \chapter{–ö–æ–Ω—Å—Ç—Ä—É–∫—Ç–æ—Ä—Å–∫–∞ —á–∞—Å—Ç
                                                  —å}
You may provide a definition with
\DeclareUnicodeCharacter 


! Package inputenc Error: Unicode character —å (U+044C)
(inputenc)                not set up for use with LaTeX.

See the inputenc package documentation for explanation.
Type  H <return>  for immediate help.
 ...                                              
                                                  
l.1 ...ter{–ö–æ–Ω—Å—Ç—Ä—É–∫—Ç–æ—Ä—Å–∫–∞ —á–∞—Å—Ç—å
                                                  }
You may provide a definition with
\DeclareUnicodeCharacter 


! Package inputenc Error: Unicode character –í (U+0412)
(inputenc)                not set up for use with LaTeX.

See the inputenc package documentation for explanation.
Type  H <return>  for immediate help.
 ...                                              
                                                  
l.3 –í
       –¥–∞–Ω–Ω–æ–º —Ä–∞–∑–¥–µ–ª–µ –±—É–¥—É—Ç –ø—Ä–∏–≤–µ–¥–µ–Ω—ã —Å—Ö–µ–º—ã ...

You may provide a definition with
\DeclareUnicodeCharacter 


! Package inputenc Error: Unicode character –¥ (U+0434)
(inputenc)                not set up for use with LaTeX.

See the inputenc package documentation for explanation.
Type  H <return>  for immediate help.
 ...                                              
                                                  
l.3 –í –¥
         –∞–Ω–Ω–æ–º —Ä–∞–∑–¥–µ–ª–µ –±—É–¥—É—Ç –ø—Ä–∏–≤–µ–¥–µ–Ω—ã —Å—Ö–µ–º—ã ...

You may provide a definition with
\DeclareUnicodeCharacter 


! Package inputenc Error: Unicode character –∞ (U+0430)
(inputenc)                not set up for use with LaTeX.

See the inputenc package documentation for explanation.
Type  H <return>  for immediate help.
 ...                                              
                                                  
l.3 –í –¥–∞
           –Ω–Ω–æ–º —Ä–∞–∑–¥–µ–ª–µ –±—É–¥—É—Ç –ø—Ä–∏–≤–µ–¥–µ–Ω—ã —Å—Ö–µ–º—ã ...

You may provide a definition with
\DeclareUnicodeCharacter 


! Package inputenc Error: Unicode character –Ω (U+043D)
(inputenc)                not set up for use with LaTeX.

See the inputenc package documentation for explanation.
Type  H <return>  for immediate help.
 ...                                              
                                                  
l.3 –í –¥–∞–Ω
             –Ω–æ–º —Ä–∞–∑–¥–µ–ª–µ –±—É–¥—É—Ç –ø—Ä–∏–≤–µ–¥–µ–Ω—ã —Å—Ö–µ–º—ã ...

You may provide a definition with
\DeclareUnicodeCharacter 


! Package inputenc Error: Unicode character –Ω (U+043D)
(inputenc)                not set up for use with LaTeX.

See the inputenc package documentation for explanation.
Type  H <return>  for immediate help.
 ...                                              
                                                  
l.3 –í –¥–∞–Ω–Ω
               –æ–º —Ä–∞–∑–¥–µ–ª–µ –±—É–¥—É—Ç –ø—Ä–∏–≤–µ–¥–µ–Ω—ã —Å—Ö–µ–º—ã ...

You may provide a definition with
\DeclareUnicodeCharacter 


! Package inputenc Error: Unicode character –æ (U+043E)
(inputenc)                not set up for use with LaTeX.

See the inputenc package documentation for explanation.
Type  H <return>  for immediate help.
 ...                                              
                                                  
l.3 –í –¥–∞–Ω–Ω–æ
                 –º —Ä–∞–∑–¥–µ–ª–µ –±—É–¥—É—Ç –ø—Ä–∏–≤–µ–¥–µ–Ω—ã —Å—Ö–µ–º—ã ...

You may provide a definition with
\DeclareUnicodeCharacter 


! Package inputenc Error: Unicode character –º (U+043C)
(inputenc)                not set up for use with LaTeX.

See the inputenc package documentation for explanation.
Type  H <return>  for immediate help.
 ...                                              
                                                  
l.3 –í –¥–∞–Ω–Ω–æ–º
                    —Ä–∞–∑–¥–µ–ª–µ –±—É–¥—É—Ç –ø—Ä–∏–≤–µ–¥–µ–Ω—ã —Å—Ö–µ–º—ã ...

You may provide a definition with
\DeclareUnicodeCharacter 


! Package inputenc Error: Unicode character —Ä (U+0440)
(inputenc)                not set up for use with LaTeX.

See the inputenc package documentation for explanation.
Type  H <return>  for immediate help.
 ...                                              
                                                  
l.3 –í –¥–∞–Ω–Ω–æ–º —Ä
                      –∞–∑–¥–µ–ª–µ –±—É–¥—É—Ç –ø—Ä–∏–≤–µ–¥–µ–Ω—ã —Å—Ö–µ–º—ã ...

You may provide a definition with
\DeclareUnicodeCharacter 


! Package inputenc Error: Unicode character –∞ (U+0430)
(inputenc)                not set up for use with LaTeX.

See the inputenc package documentation for explanation.
Type  H <return>  for immediate help.
 ...                                              
                                                  
l.3 –í –¥–∞–Ω–Ω–æ–º —Ä–∞
                        –∑–¥–µ–ª–µ –±—É–¥—É—Ç –ø—Ä–∏–≤–µ–¥–µ–Ω—ã —Å—Ö–µ–º—ã ...

You may provide a definition with
\DeclareUnicodeCharacter 


! Package inputenc Error: Unicode character –∑ (U+0437)
(inputenc)                not set up for use with LaTeX.

See the inputenc package documentation for explanation.
Type  H <return>  for immediate help.
 ...                                              
                                                  
l.3 –í –¥–∞–Ω–Ω–æ–º —Ä–∞–∑
                          –¥–µ–ª–µ –±—É–¥—É—Ç –ø—Ä–∏–≤–µ–¥–µ–Ω—ã —Å—Ö–µ–º—ã ...

You may provide a definition with
\DeclareUnicodeCharacter 


! Package inputenc Error: Unicode character –¥ (U+0434)
(inputenc)                not set up for use with LaTeX.

See the inputenc package documentation for explanation.
Type  H <return>  for immediate help.
 ...                                              
                                                  
l.3 –í –¥–∞–Ω–Ω–æ–º —Ä–∞–∑–¥
                            –µ–ª–µ –±—É–¥—É—Ç –ø—Ä–∏–≤–µ–¥–µ–Ω—ã —Å—Ö–µ–º—ã ...

You may provide a definition with
\DeclareUnicodeCharacter 


! Package inputenc Error: Unicode character –µ (U+0435)
(inputenc)                not set up for use with LaTeX.

See the inputenc package documentation for explanation.
Type  H <return>  for immediate help.
 ...                                              
                                                  
l.3 –í –¥–∞–Ω–Ω–æ–º —Ä–∞–∑–¥–µ
                              –ª–µ –±—É–¥—É—Ç –ø—Ä–∏–≤–µ–¥–µ–Ω—ã —Å—Ö–µ–º—ã ...

You may provide a definition with
\DeclareUnicodeCharacter 


! Package inputenc Error: Unicode character –ª (U+043B)
(inputenc)                not set up for use with LaTeX.

See the inputenc package documentation for explanation.
Type  H <return>  for immediate help.
 ...                                              
                                                  
l.3 –í –¥–∞–Ω–Ω–æ–º —Ä–∞–∑–¥–µ–ª
                                –µ –±—É–¥—É—Ç –ø—Ä–∏–≤–µ–¥–µ–Ω—ã —Å—Ö–µ–º—ã ...

You may provide a definition with
\DeclareUnicodeCharacter 


! Package inputenc Error: Unicode character –µ (U+0435)
(inputenc)                not set up for use with LaTeX.

See the inputenc package documentation for explanation.
Type  H <return>  for immediate help.
 ...                                              
                                                  
l.3 –í –¥–∞–Ω–Ω–æ–º —Ä–∞–∑–¥–µ–ª–µ
                                   –±—É–¥—É—Ç –ø—Ä–∏–≤–µ–¥–µ–Ω—ã —Å—Ö–µ–º—ã ...

You may provide a definition with
\DeclareUnicodeCharacter 


! Package inputenc Error: Unicode character –± (U+0431)
(inputenc)                not set up for use with LaTeX.

See the inputenc package documentation for explanation.
Type  H <return>  for immediate help.
 ...                                              
                                                  
l.3 –í –¥–∞–Ω–Ω–æ–º —Ä–∞–∑–¥–µ–ª–µ –±
                                     —É–¥—É—Ç –ø—Ä–∏–≤–µ–¥–µ–Ω—ã —Å—Ö–µ–º—ã ...

You may provide a definition with
\DeclareUnicodeCharacter 


! Package inputenc Error: Unicode character —É (U+0443)
(inputenc)                not set up for use with LaTeX.

See the inputenc package documentation for explanation.
Type  H <return>  for immediate help.
 ...                                              
                                                  
l.3 –í –¥–∞–Ω–Ω–æ–º —Ä–∞–∑–¥–µ–ª–µ –±—É
                                       –¥—É—Ç –ø—Ä–∏–≤–µ–¥–µ–Ω—ã —Å—Ö–µ–º—ã ...

You may provide a definition with
\DeclareUnicodeCharacter 


! Package inputenc Error: Unicode character –¥ (U+0434)
(inputenc)                not set up for use with LaTeX.

See the inputenc package documentation for explanation.
Type  H <return>  for immediate help.
 ...                                              
                                                  
l.3 –í –¥–∞–Ω–Ω–æ–º —Ä–∞–∑–¥–µ–ª–µ –±—É–¥
                                         —É—Ç –ø—Ä–∏–≤–µ–¥–µ–Ω—ã —Å—Ö–µ–º—ã ...

You may provide a definition with
\DeclareUnicodeCharacter 


! Package inputenc Error: Unicode character —É (U+0443)
(inputenc)                not set up for use with LaTeX.

See the inputenc package documentation for explanation.
Type  H <return>  for immediate help.
 ...                                              
                                                  
l.3 –í –¥–∞–Ω–Ω–æ–º —Ä–∞–∑–¥–µ–ª–µ –±—É–¥—É
                                           —Ç –ø—Ä–∏–≤–µ–¥–µ–Ω—ã —Å—Ö–µ–º—ã ...

You may provide a definition with
\DeclareUnicodeCharacter 


! Package inputenc Error: Unicode character —Ç (U+0442)
(inputenc)                not set up for use with LaTeX.

See the inputenc package documentation for explanation.
Type  H <return>  for immediate help.
 ...                                              
                                                  
l.3 –í –¥–∞–Ω–Ω–æ–º —Ä–∞–∑–¥–µ–ª–µ –±—É–¥—É—Ç
                                              –ø—Ä–∏–≤–µ–¥–µ–Ω—ã —Å—Ö–µ–º—ã ...

You may provide a definition with
\DeclareUnicodeCharacter 


! Package inputenc Error: Unicode character –ø (U+043F)
(inputenc)                not set up for use with LaTeX.

See the inputenc package documentation for explanation.
Type  H <return>  for immediate help.
 ...                                              
                                                  
l.3 –í –¥–∞–Ω–Ω–æ–º —Ä–∞–∑–¥–µ–ª–µ –±—É–¥—É—Ç –ø
                                                —Ä–∏–≤–µ–¥–µ–Ω—ã —Å—Ö–µ–º—ã ...

You may provide a definition with
\DeclareUnicodeCharacter 


! Package inputenc Error: Unicode character —Ä (U+0440)
(inputenc)                not set up for use with LaTeX.

See the inputenc package documentation for explanation.
Type  H <return>  for immediate help.
 ...                                              
                                                  
l.3 –í –¥–∞–Ω–Ω–æ–º —Ä–∞–∑–¥–µ–ª–µ –±—É–¥—É—Ç –ø—Ä
                                                  –∏–≤–µ–¥–µ–Ω—ã —Å—Ö–µ–º—ã ...

You may provide a definition with
\DeclareUnicodeCharacter 


! Package inputenc Error: Unicode character –∏ (U+0438)
(inputenc)                not set up for use with LaTeX.

See the inputenc package documentation for explanation.
Type  H <return>  for immediate help.
 ...                                              
                                                  
l.3 ...–∞–Ω–Ω–æ–º —Ä–∞–∑–¥–µ–ª–µ –±—É–¥—É—Ç –ø—Ä–∏
                                                  –≤–µ–¥–µ–Ω—ã —Å—Ö–µ–º—ã –∞...

You may provide a definition with
\DeclareUnicodeCharacter 


! Package inputenc Error: Unicode character –≤ (U+0432)
(inputenc)                not set up for use with LaTeX.

See the inputenc package documentation for explanation.
Type  H <return>  for immediate help.
 ...                                              
                                                  
l.3 ...–Ω–Ω–æ–º —Ä–∞–∑–¥–µ–ª–µ –±—É–¥—É—Ç –ø—Ä–∏–≤
                                                  –µ–¥–µ–Ω—ã —Å—Ö–µ–º—ã –∞–ª...

You may provide a definition with
\DeclareUnicodeCharacter 


! Package inputenc Error: Unicode character –µ (U+0435)
(inputenc)                not set up for use with LaTeX.

See the inputenc package documentation for explanation.
Type  H <return>  for immediate help.
 ...                                              
                                                  
l.3 ...–Ω–æ–º —Ä–∞–∑–¥–µ–ª–µ –±—É–¥—É—Ç –ø—Ä–∏–≤–µ
                                                  –¥–µ–Ω—ã —Å—Ö–µ–º—ã –∞–ª–≥...

You may provide a definition with
\DeclareUnicodeCharacter 


! Package inputenc Error: Unicode character –¥ (U+0434)
(inputenc)                not set up for use with LaTeX.

See the inputenc package documentation for explanation.
Type  H <return>  for immediate help.
 ...                                              
                                                  
l.3 ...–æ–º —Ä–∞–∑–¥–µ–ª–µ –±—É–¥—É—Ç –ø—Ä–∏–≤–µ–¥
                                                  –µ–Ω—ã —Å—Ö–µ–º—ã –∞–ª–≥–æ...

You may provide a definition with
\DeclareUnicodeCharacter 


! Package inputenc Error: Unicode character –µ (U+0435)
(inputenc)                not set up for use with LaTeX.

See the inputenc package documentation for explanation.
Type  H <return>  for immediate help.
 ...                                              
                                                  
l.3 ...–º —Ä–∞–∑–¥–µ–ª–µ –±—É–¥—É—Ç –ø—Ä–∏–≤–µ–¥–µ
                                                  –Ω—ã —Å—Ö–µ–º—ã –∞–ª–≥–æ—Ä...

You may provide a definition with
\DeclareUnicodeCharacter 


! Package inputenc Error: Unicode character –Ω (U+043D)
(inputenc)                not set up for use with LaTeX.

See the inputenc package documentation for explanation.
Type  H <return>  for immediate help.
 ...                                              
                                                  
l.3 ... —Ä–∞–∑–¥–µ–ª–µ –±—É–¥—É—Ç –ø—Ä–∏–≤–µ–¥–µ–Ω
                                                  —ã —Å—Ö–µ–º—ã –∞–ª–≥–æ—Ä–∏...

You may provide a definition with
\DeclareUnicodeCharacter 


! Package inputenc Error: Unicode character —ã (U+044B)
(inputenc)                not set up for use with LaTeX.

See the inputenc package documentation for explanation.
Type  H <return>  for immediate help.
 ...                                              
                                                  
l.3 ...Ä–∞–∑–¥–µ–ª–µ –±—É–¥—É—Ç –ø—Ä–∏–≤–µ–¥–µ–Ω—ã
                                                   —Å—Ö–µ–º—ã –∞–ª–≥–æ—Ä–∏—Ç...

You may provide a definition with
\DeclareUnicodeCharacter 


! Package inputenc Error: Unicode character —Å (U+0441)
(inputenc)                not set up for use with LaTeX.

See the inputenc package documentation for explanation.
Type  H <return>  for immediate help.
 ...                                              
                                                  
l.3 ...–∑–¥–µ–ª–µ –±—É–¥—É—Ç –ø—Ä–∏–≤–µ–¥–µ–Ω—ã —Å
                                                  —Ö–µ–º—ã –∞–ª–≥–æ—Ä–∏—Ç–º–...

You may provide a definition with
\DeclareUnicodeCharacter 


! Package inputenc Error: Unicode character —Ö (U+0445)
(inputenc)                not set up for use with LaTeX.

See the inputenc package documentation for explanation.
Type  H <return>  for immediate help.
 ...                                              
                                                  
l.3 ...–¥–µ–ª–µ –±—É–¥—É—Ç –ø—Ä–∏–≤–µ–¥–µ–Ω—ã —Å—Ö
                                                  –µ–º—ã –∞–ª–≥–æ—Ä–∏—Ç–º–∞ ...

You may provide a definition with
\DeclareUnicodeCharacter 


! Package inputenc Error: Unicode character –µ (U+0435)
(inputenc)                not set up for use with LaTeX.

See the inputenc package documentation for explanation.
Type  H <return>  for immediate help.
 ...                                              
                                                  
l.3 ...–µ–ª–µ –±—É–¥—É—Ç –ø—Ä–∏–≤–µ–¥–µ–Ω—ã —Å—Ö–µ
                                                  –º—ã –∞–ª–≥–æ—Ä–∏—Ç–º–∞ –ø...

You may provide a definition with
\DeclareUnicodeCharacter 


! Package inputenc Error: Unicode character –º (U+043C)
(inputenc)                not set up for use with LaTeX.

See the inputenc package documentation for explanation.
Type  H <return>  for immediate help.
 ...                                              
                                                  
l.3 ...–ª–µ –±—É–¥—É—Ç –ø—Ä–∏–≤–µ–¥–µ–Ω—ã —Å—Ö–µ–º
                                                  —ã –∞–ª–≥–æ—Ä–∏—Ç–º–∞ –ø–æ...

You may provide a definition with
\DeclareUnicodeCharacter 


! Package inputenc Error: Unicode character —ã (U+044B)
(inputenc)                not set up for use with LaTeX.

See the inputenc package documentation for explanation.
Type  H <return>  for immediate help.
 ...                                              
                                                  
l.3 ...–µ –±—É–¥—É—Ç –ø—Ä–∏–≤–µ–¥–µ–Ω—ã —Å—Ö–µ–º—ã
                                                   –∞–ª–≥–æ—Ä–∏—Ç–º–∞ –ø–æ–ª...

You may provide a definition with
\DeclareUnicodeCharacter 


! Package inputenc Error: Unicode character –∞ (U+0430)
(inputenc)                not set up for use with LaTeX.

See the inputenc package documentation for explanation.
Type  H <return>  for immediate help.
 ...                                              
                                                  
l.3 ...–±—É–¥—É—Ç –ø—Ä–∏–≤–µ–¥–µ–Ω—ã —Å—Ö–µ–º—ã –∞
                                                  –ª–≥–æ—Ä–∏—Ç–º–∞ –ø–æ–ª–Ω–...

You may provide a definition with
\DeclareUnicodeCharacter 


! Package inputenc Error: Unicode character –ª (U+043B)
(inputenc)                not set up for use with LaTeX.

See the inputenc package documentation for explanation.
Type  H <return>  for immediate help.
 ...                                              
                                                  
l.3 ...—É–¥—É—Ç –ø—Ä–∏–≤–µ–¥–µ–Ω—ã —Å—Ö–µ–º—ã –∞–ª
                                                  –≥–æ—Ä–∏—Ç–º–∞ –ø–æ–ª–Ω–æ–...

You may provide a definition with
\DeclareUnicodeCharacter 


! Package inputenc Error: Unicode character –≥ (U+0433)
(inputenc)                not set up for use with LaTeX.

See the inputenc package documentation for explanation.
Type  H <return>  for immediate help.
 ...                                              
                                                  
l.3 ...–¥—É—Ç –ø—Ä–∏–≤–µ–¥–µ–Ω—ã —Å—Ö–µ–º—ã –∞–ª–≥
                                                  –æ—Ä–∏—Ç–º–∞ –ø–æ–ª–Ω–æ–≥–...

You may provide a definition with
\DeclareUnicodeCharacter 


! Package inputenc Error: Unicode character –æ (U+043E)
(inputenc)                not set up for use with LaTeX.

See the inputenc package documentation for explanation.
Type  H <return>  for immediate help.
 ...                                              
                                                  
l.3 ...—É—Ç –ø—Ä–∏–≤–µ–¥–µ–Ω—ã —Å—Ö–µ–º—ã –∞–ª–≥–æ
                                                  —Ä–∏—Ç–º–∞ –ø–æ–ª–Ω–æ–≥–æ ...

You may provide a definition with
\DeclareUnicodeCharacter 


! Package inputenc Error: Unicode character —Ä (U+0440)
(inputenc)                not set up for use with LaTeX.

See the inputenc package documentation for explanation.
Type  H <return>  for immediate help.
 ...                                              
                                                  
l.3 ...—Ç –ø—Ä–∏–≤–µ–¥–µ–Ω—ã —Å—Ö–µ–º—ã –∞–ª–≥–æ—Ä
                                                  –∏—Ç–º–∞ –ø–æ–ª–Ω–æ–≥–æ –ø...

You may provide a definition with
\DeclareUnicodeCharacter 


! Package inputenc Error: Unicode character –∏ (U+0438)
(inputenc)                not set up for use with LaTeX.

See the inputenc package documentation for explanation.
Type  H <return>  for immediate help.
 ...                                              
                                                  
l.3 ... –ø—Ä–∏–≤–µ–¥–µ–Ω—ã —Å—Ö–µ–º—ã –∞–ª–≥–æ—Ä–∏
                                                  —Ç–º–∞ –ø–æ–ª–Ω–æ–≥–æ –ø–µ...

You may provide a definition with
\DeclareUnicodeCharacter 


! Package inputenc Error: Unicode character —Ç (U+0442)
(inputenc)                not set up for use with LaTeX.

See the inputenc package documentation for explanation.
Type  H <return>  for immediate help.
 ...                                              
                                                  
l.3 ...ø—Ä–∏–≤–µ–¥–µ–Ω—ã —Å—Ö–µ–º—ã –∞–ª–≥–æ—Ä–∏—Ç
                                                  –º–∞ –ø–æ–ª–Ω–æ–≥–æ –ø–µ—Ä...

You may provide a definition with
\DeclareUnicodeCharacter 


! Package inputenc Error: Unicode character –º (U+043C)
(inputenc)                not set up for use with LaTeX.

See the inputenc package documentation for explanation.
Type  H <return>  for immediate help.
 ...                                              
                                                  
l.3 ...Ä–∏–≤–µ–¥–µ–Ω—ã —Å—Ö–µ–º—ã –∞–ª–≥–æ—Ä–∏—Ç–º
                                                  –∞ –ø–æ–ª–Ω–æ–≥–æ –ø–µ—Ä–µ...

You may provide a definition with
\DeclareUnicodeCharacter 


! Package inputenc Error: Unicode character –∞ (U+0430)
(inputenc)                not set up for use with LaTeX.

See the inputenc package documentation for explanation.
Type  H <return>  for immediate help.
 ...                                              
                                                  
l.3 ...∏–≤–µ–¥–µ–Ω—ã —Å—Ö–µ–º—ã –∞–ª–≥–æ—Ä–∏—Ç–º–∞
                                                   –ø–æ–ª–Ω–æ–≥–æ –ø–µ—Ä–µ–±...

You may provide a definition with
\DeclareUnicodeCharacter 


! Package inputenc Error: Unicode character –ø (U+043F)
(inputenc)                not set up for use with LaTeX.

See the inputenc package documentation for explanation.
Type  H <return>  for immediate help.
 ...                                              
                                                  
l.3 ...–µ–¥–µ–Ω—ã —Å—Ö–µ–º—ã –∞–ª–≥–æ—Ä–∏—Ç–º–∞ –ø
                                                  –æ–ª–Ω–æ–≥–æ –ø–µ—Ä–µ–±–æ—...

You may provide a definition with
\DeclareUnicodeCharacter 


! Package inputenc Error: Unicode character –æ (U+043E)
(inputenc)                not set up for use with LaTeX.

See the inputenc package documentation for explanation.
Type  H <return>  for immediate help.
 ...                                              
                                                  
l.3 ...–¥–µ–Ω—ã —Å—Ö–µ–º—ã –∞–ª–≥–æ—Ä–∏—Ç–º–∞ –ø–æ
                                                  –ª–Ω–æ–≥–æ –ø–µ—Ä–µ–±–æ—Ä–...

You may provide a definition with
\DeclareUnicodeCharacter 


! Package inputenc Error: Unicode character –ª (U+043B)
(inputenc)                not set up for use with LaTeX.

See the inputenc package documentation for explanation.
Type  H <return>  for immediate help.
 ...                                              
                                                  
l.3 ...–µ–Ω—ã —Å—Ö–µ–º—ã –∞–ª–≥–æ—Ä–∏—Ç–º–∞ –ø–æ–ª
                                                  –Ω–æ–≥–æ –ø–µ—Ä–µ–±–æ—Ä–∞ ...

You may provide a definition with
\DeclareUnicodeCharacter 


! Package inputenc Error: Unicode character –Ω (U+043D)
(inputenc)                not set up for use with LaTeX.

See the inputenc package documentation for explanation.
Type  H <return>  for immediate help.
 ...                                              
                                                  
l.3 ...–Ω—ã —Å—Ö–µ–º—ã –∞–ª–≥–æ—Ä–∏—Ç–º–∞ –ø–æ–ª–Ω
                                                  –æ–≥–æ –ø–µ—Ä–µ–±–æ—Ä–∞ –∏...

You may provide a definition with
\DeclareUnicodeCharacter 


! Package inputenc Error: Unicode character –æ (U+043E)
(inputenc)                not set up for use with LaTeX.

See the inputenc package documentation for explanation.
Type  H <return>  for immediate help.
 ...                                              
                                                  
l.3 ...—ã —Å—Ö–µ–º—ã –∞–ª–≥–æ—Ä–∏—Ç–º–∞ –ø–æ–ª–Ω–æ
                                                  –≥–æ –ø–µ—Ä–µ–±–æ—Ä–∞ –∏ –...

You may provide a definition with
\DeclareUnicodeCharacter 


! Package inputenc Error: Unicode character –≥ (U+0433)
(inputenc)                not set up for use with LaTeX.

See the inputenc package documentation for explanation.
Type  H <return>  for immediate help.
 ...                                              
                                                  
l.3 ... —Å—Ö–µ–º—ã –∞–ª–≥–æ—Ä–∏—Ç–º–∞ –ø–æ–ª–Ω–æ–≥
                                                  –æ –ø–µ—Ä–µ–±–æ—Ä–∞ –∏ –º—...

You may provide a definition with
\DeclareUnicodeCharacter 


! Package inputenc Error: Unicode character –æ (U+043E)
(inputenc)                not set up for use with LaTeX.

See the inputenc package documentation for explanation.
Type  H <return>  for immediate help.
 ...                                              
                                                  
l.3 ...Å—Ö–µ–º—ã –∞–ª–≥–æ—Ä–∏—Ç–º–∞ –ø–æ–ª–Ω–æ–≥–æ
                                                   –ø–µ—Ä–µ–±–æ—Ä–∞ –∏ –º—É—...

You may provide a definition with
\DeclareUnicodeCharacter 


! Package inputenc Error: Unicode character –ø (U+043F)
(inputenc)                not set up for use with LaTeX.

See the inputenc package documentation for explanation.
Type  H <return>  for immediate help.
 ...                                              
                                                  
l.3 ...–µ–º—ã –∞–ª–≥–æ—Ä–∏—Ç–º–∞ –ø–æ–ª–Ω–æ–≥–æ –ø
                                                  –µ—Ä–µ–±–æ—Ä–∞ –∏ –º—É—Ä–∞...

You may provide a definition with
\DeclareUnicodeCharacter 


! Package inputenc Error: Unicode character –µ (U+0435)
(inputenc)                not set up for use with LaTeX.

See the inputenc package documentation for explanation.
Type  H <return>  for immediate help.
 ...                                              
                                                  
l.3 ...–º—ã –∞–ª–≥–æ—Ä–∏—Ç–º–∞ –ø–æ–ª–Ω–æ–≥–æ –ø–µ
                                                  —Ä–µ–±–æ—Ä–∞ –∏ –º—É—Ä–∞–≤...

You may provide a definition with
\DeclareUnicodeCharacter 


! Package inputenc Error: Unicode character —Ä (U+0440)
(inputenc)                not set up for use with LaTeX.

See the inputenc package documentation for explanation.
Type  H <return>  for immediate help.
 ...                                              
                                                  
l.3 ...—ã –∞–ª–≥–æ—Ä–∏—Ç–º–∞ –ø–æ–ª–Ω–æ–≥–æ –ø–µ—Ä
                                                  –µ–±–æ—Ä–∞ –∏ –º—É—Ä–∞–≤—å...

You may provide a definition with
\DeclareUnicodeCharacter 


! Package inputenc Error: Unicode character –µ (U+0435)
(inputenc)                not set up for use with LaTeX.

See the inputenc package documentation for explanation.
Type  H <return>  for immediate help.
 ...                                              
                                                  
l.3 ... –∞–ª–≥–æ—Ä–∏—Ç–º–∞ –ø–æ–ª–Ω–æ–≥–æ –ø–µ—Ä–µ
                                                  –±–æ—Ä–∞ –∏ –º—É—Ä–∞–≤—å–∏...

You may provide a definition with
\DeclareUnicodeCharacter 


! Package inputenc Error: Unicode character –± (U+0431)
(inputenc)                not set up for use with LaTeX.

See the inputenc package documentation for explanation.
Type  H <return>  for immediate help.
 ...                                              
                                                  
l.3 ...∞–ª–≥–æ—Ä–∏—Ç–º–∞ –ø–æ–ª–Ω–æ–≥–æ –ø–µ—Ä–µ–±
                                                  –æ—Ä–∞ –∏ –º—É—Ä–∞–≤—å–∏–Ω...

You may provide a definition with
\DeclareUnicodeCharacter 


! Package inputenc Error: Unicode character –æ (U+043E)
(inputenc)                not set up for use with LaTeX.

See the inputenc package documentation for explanation.
Type  H <return>  for immediate help.
 ...                                              
                                                  
l.3 ...ª–≥–æ—Ä–∏—Ç–º–∞ –ø–æ–ª–Ω–æ–≥–æ –ø–µ—Ä–µ–±–æ
                                                  —Ä–∞ –∏ –º—É—Ä–∞–≤—å–∏–Ω–æ...

You may provide a definition with
\DeclareUnicodeCharacter 


! Package inputenc Error: Unicode character —Ä (U+0440)
(inputenc)                not set up for use with LaTeX.

See the inputenc package documentation for explanation.
Type  H <return>  for immediate help.
 ...                                              
                                                  
l.3 ...≥–æ—Ä–∏—Ç–º–∞ –ø–æ–ª–Ω–æ–≥–æ –ø–µ—Ä–µ–±–æ—Ä
                                                  –∞ –∏ –º—É—Ä–∞–≤—å–∏–Ω–æ–≥...

You may provide a definition with
\DeclareUnicodeCharacter 


! Package inputenc Error: Unicode character –∞ (U+0430)
(inputenc)                not set up for use with LaTeX.

See the inputenc package documentation for explanation.
Type  H <return>  for immediate help.
 ...                                              
                                                  
l.3 ...æ—Ä–∏—Ç–º–∞ –ø–æ–ª–Ω–æ–≥–æ –ø–µ—Ä–µ–±–æ—Ä–∞
                                                   –∏ –º—É—Ä–∞–≤—å–∏–Ω–æ–≥–æ...

You may provide a definition with
\DeclareUnicodeCharacter 


! Package inputenc Error: Unicode character –∏ (U+0438)
(inputenc)                not set up for use with LaTeX.

See the inputenc package documentation for explanation.
Type  H <return>  for immediate help.
 ...                                              
                                                  
l.3 ...–∏—Ç–º–∞ –ø–æ–ª–Ω–æ–≥–æ –ø–µ—Ä–µ–±–æ—Ä–∞ –∏
                                                   –º—É—Ä–∞–≤—å–∏–Ω–æ–≥–æ –∞...

You may provide a definition with
\DeclareUnicodeCharacter 


! Package inputenc Error: Unicode character –º (U+043C)
(inputenc)                not set up for use with LaTeX.

See the inputenc package documentation for explanation.
Type  H <return>  for immediate help.
 ...                                              
                                                  
l.3 ...Ç–º–∞ –ø–æ–ª–Ω–æ–≥–æ –ø–µ—Ä–µ–±–æ—Ä–∞ –∏ –º
                                                  —É—Ä–∞–≤—å–∏–Ω–æ–≥–æ –∞–ª–...

You may provide a definition with
\DeclareUnicodeCharacter 


! Package inputenc Error: Unicode character —É (U+0443)
(inputenc)                not set up for use with LaTeX.

See the inputenc package documentation for explanation.
Type  H <return>  for immediate help.
 ...                                              
                                                  
l.3 ...º–∞ –ø–æ–ª–Ω–æ–≥–æ –ø–µ—Ä–µ–±–æ—Ä–∞ –∏ –º—É
                                                  —Ä–∞–≤—å–∏–Ω–æ–≥–æ –∞–ª–≥–...

You may provide a definition with
\DeclareUnicodeCharacter 


! Package inputenc Error: Unicode character —Ä (U+0440)
(inputenc)                not set up for use with LaTeX.

See the inputenc package documentation for explanation.
Type  H <return>  for immediate help.
 ...                                              
                                                  
l.3 ...∞ –ø–æ–ª–Ω–æ–≥–æ –ø–µ—Ä–µ–±–æ—Ä–∞ –∏ –º—É—Ä
                                                  –∞–≤—å–∏–Ω–æ–≥–æ –∞–ª–≥–æ—...

You may provide a definition with
\DeclareUnicodeCharacter 


! Package inputenc Error: Unicode character –∞ (U+0430)
(inputenc)                not set up for use with LaTeX.

See the inputenc package documentation for explanation.
Type  H <return>  for immediate help.
 ...                                              
                                                  
l.3 ...–ø–æ–ª–Ω–æ–≥–æ –ø–µ—Ä–µ–±–æ—Ä–∞ –∏ –º—É—Ä–∞
                                                  –≤—å–∏–Ω–æ–≥–æ –∞–ª–≥–æ—Ä–...

You may provide a definition with
\DeclareUnicodeCharacter 


! Package inputenc Error: Unicode character –≤ (U+0432)
(inputenc)                not set up for use with LaTeX.

See the inputenc package documentation for explanation.
Type  H <return>  for immediate help.
 ...                                              
                                                  
l.3 ...–æ–ª–Ω–æ–≥–æ –ø–µ—Ä–µ–±–æ—Ä–∞ –∏ –º—É—Ä–∞–≤
                                                  —å–∏–Ω–æ–≥–æ –∞–ª–≥–æ—Ä–∏—...

You may provide a definition with
\DeclareUnicodeCharacter 


! Package inputenc Error: Unicode character —å (U+044C)
(inputenc)                not set up for use with LaTeX.

See the inputenc package documentation for explanation.
Type  H <return>  for immediate help.
 ...                                              
                                                  
l.3 ...–ª–Ω–æ–≥–æ –ø–µ—Ä–µ–±–æ—Ä–∞ –∏ –º—É—Ä–∞–≤—å
                                                  –∏–Ω–æ–≥–æ –∞–ª–≥–æ—Ä–∏—Ç–...

You may provide a definition with
\DeclareUnicodeCharacter 


! Package inputenc Error: Unicode character –∏ (U+0438)
(inputenc)                not set up for use with LaTeX.

See the inputenc package documentation for explanation.
Type  H <return>  for immediate help.
 ...                                              
                                                  
l.3 ...–Ω–æ–≥–æ –ø–µ—Ä–µ–±–æ—Ä–∞ –∏ –º—É—Ä–∞–≤—å–∏
                                                  –Ω–æ–≥–æ –∞–ª–≥–æ—Ä–∏—Ç–º–...

You may provide a definition with
\DeclareUnicodeCharacter 


! Package inputenc Error: Unicode character –Ω (U+043D)
(inputenc)                not set up for use with LaTeX.

See the inputenc package documentation for explanation.
Type  H <return>  for immediate help.
 ...                                              
                                                  
l.3 ...–æ–≥–æ –ø–µ—Ä–µ–±–æ—Ä–∞ –∏ –º—É—Ä–∞–≤—å–∏–Ω
                                                  –æ–≥–æ –∞–ª–≥–æ—Ä–∏—Ç–º–∞ ...

You may provide a definition with
\DeclareUnicodeCharacter 


! Package inputenc Error: Unicode character –æ (U+043E)
(inputenc)                not set up for use with LaTeX.

See the inputenc package documentation for explanation.
Type  H <return>  for immediate help.
 ...                                              
                                                  
l.3 ...–≥–æ –ø–µ—Ä–µ–±–æ—Ä–∞ –∏ –º—É—Ä–∞–≤—å–∏–Ω–æ
                                                  –≥–æ –∞–ª–≥–æ—Ä–∏—Ç–º–∞ –¥...

You may provide a definition with
\DeclareUnicodeCharacter 


! Package inputenc Error: Unicode character –≥ (U+0433)
(inputenc)                not set up for use with LaTeX.

See the inputenc package documentation for explanation.
Type  H <return>  for immediate help.
 ...                                              
                                                  
l.3 ...–æ –ø–µ—Ä–µ–±–æ—Ä–∞ –∏ –º—É—Ä–∞–≤—å–∏–Ω–æ–≥
                                                  –æ –∞–ª–≥–æ—Ä–∏—Ç–º–∞ –¥–ª...

You may provide a definition with
\DeclareUnicodeCharacter 


! Package inputenc Error: Unicode character –æ (U+043E)
(inputenc)                not set up for use with LaTeX.

See the inputenc package documentation for explanation.
Type  H <return>  for immediate help.
 ...                                              
                                                  
l.3 ... –ø–µ—Ä–µ–±–æ—Ä–∞ –∏ –º—É—Ä–∞–≤—å–∏–Ω–æ–≥–æ
                                                   –∞–ª–≥–æ—Ä–∏—Ç–º–∞ –¥–ª—è...

You may provide a definition with
\DeclareUnicodeCharacter 


! Package inputenc Error: Unicode character –∞ (U+0430)
(inputenc)                not set up for use with LaTeX.

See the inputenc package documentation for explanation.
Type  H <return>  for immediate help.
 ...                                              
                                                  
l.3 ...–µ—Ä–µ–±–æ—Ä–∞ –∏ –º—É—Ä–∞–≤—å–∏–Ω–æ–≥–æ –∞
                                                  –ª–≥–æ—Ä–∏—Ç–º–∞ –¥–ª—è —Ä...

You may provide a definition with
\DeclareUnicodeCharacter 


! Package inputenc Error: Unicode character –ª (U+043B)
(inputenc)                not set up for use with LaTeX.

See the inputenc package documentation for explanation.
Type  H <return>  for immediate help.
 ...                                              
                                                  
l.3 ...—Ä–µ–±–æ—Ä–∞ –∏ –º—É—Ä–∞–≤—å–∏–Ω–æ–≥–æ –∞–ª
                                                  –≥–æ—Ä–∏—Ç–º–∞ –¥–ª—è —Ä–µ...

You may provide a definition with
\DeclareUnicodeCharacter 


! Package inputenc Error: Unicode character –≥ (U+0433)
(inputenc)                not set up for use with LaTeX.

See the inputenc package documentation for explanation.
Type  H <return>  for immediate help.
 ...                                              
                                                  
l.3 ...–µ–±–æ—Ä–∞ –∏ –º—É—Ä–∞–≤—å–∏–Ω–æ–≥–æ –∞–ª–≥
                                                  –æ—Ä–∏—Ç–º–∞ –¥–ª—è —Ä–µ—à...

You may provide a definition with
\DeclareUnicodeCharacter 


! Package inputenc Error: Unicode character –æ (U+043E)
(inputenc)                not set up for use with LaTeX.

See the inputenc package documentation for explanation.
Type  H <return>  for immediate help.
 ...                                              
                                                  
l.3 ...–±–æ—Ä–∞ –∏ –º—É—Ä–∞–≤—å–∏–Ω–æ–≥–æ –∞–ª–≥–æ
                                                  —Ä–∏—Ç–º–∞ –¥–ª—è —Ä–µ—à–µ...

You may provide a definition with
\DeclareUnicodeCharacter 


! Package inputenc Error: Unicode character —Ä (U+0440)
(inputenc)                not set up for use with LaTeX.

See the inputenc package documentation for explanation.
Type  H <return>  for immediate help.
 ...                                              
                                                  
l.3 ...–æ—Ä–∞ –∏ –º—É—Ä–∞–≤—å–∏–Ω–æ–≥–æ –∞–ª–≥–æ—Ä
                                                  –∏—Ç–º–∞ –¥–ª—è —Ä–µ—à–µ–Ω...

You may provide a definition with
\DeclareUnicodeCharacter 


! Package inputenc Error: Unicode character –∏ (U+0438)
(inputenc)                not set up for use with LaTeX.

See the inputenc package documentation for explanation.
Type  H <return>  for immediate help.
 ...                                              
                                                  
l.3 ...—Ä–∞ –∏ –º—É—Ä–∞–≤—å–∏–Ω–æ–≥–æ –∞–ª–≥–æ—Ä–∏
                                                  —Ç–º–∞ –¥–ª—è —Ä–µ—à–µ–Ω–∏...

You may provide a definition with
\DeclareUnicodeCharacter 


! Package inputenc Error: Unicode character —Ç (U+0442)
(inputenc)                not set up for use with LaTeX.

See the inputenc package documentation for explanation.
Type  H <return>  for immediate help.
 ...                                              
                                                  
l.3 ...–∞ –∏ –º—É—Ä–∞–≤—å–∏–Ω–æ–≥–æ –∞–ª–≥–æ—Ä–∏—Ç
                                                  –º–∞ –¥–ª—è —Ä–µ—à–µ–Ω–∏—è...

You may provide a definition with
\DeclareUnicodeCharacter 


! Package inputenc Error: Unicode character –º (U+043C)
(inputenc)                not set up for use with LaTeX.

See the inputenc package documentation for explanation.
Type  H <return>  for immediate help.
 ...                                              
                                                  
l.3 ... –∏ –º—É—Ä–∞–≤—å–∏–Ω–æ–≥–æ –∞–ª–≥–æ—Ä–∏—Ç–º
                                                  –∞ –¥–ª—è —Ä–µ—à–µ–Ω–∏—è –...

You may provide a definition with
\DeclareUnicodeCharacter 


! Package inputenc Error: Unicode character –∞ (U+0430)
(inputenc)                not set up for use with LaTeX.

See the inputenc package documentation for explanation.
Type  H <return>  for immediate help.
 ...                                              
                                                  
l.3 ...∏ –º—É—Ä–∞–≤—å–∏–Ω–æ–≥–æ –∞–ª–≥–æ—Ä–∏—Ç–º–∞
                                                   –¥–ª—è —Ä–µ—à–µ–Ω–∏—è –∑–...

You may provide a definition with
\DeclareUnicodeCharacter 


! Package inputenc Error: Unicode character –¥ (U+0434)
(inputenc)                not set up for use with LaTeX.

See the inputenc package documentation for explanation.
Type  H <return>  for immediate help.
 ...                                              
                                                  
l.3 ...º—É—Ä–∞–≤—å–∏–Ω–æ–≥–æ –∞–ª–≥–æ—Ä–∏—Ç–º–∞ –¥
                                                  –ª—è —Ä–µ—à–µ–Ω–∏—è –∑–∞–¥...

You may provide a definition with
\DeclareUnicodeCharacter 


! Package inputenc Error: Unicode character –ª (U+043B)
(inputenc)                not set up for use with LaTeX.

See the inputenc package documentation for explanation.
Type  H <return>  for immediate help.
 ...                                              
                                                  
l.3 ...É—Ä–∞–≤—å–∏–Ω–æ–≥–æ –∞–ª–≥–æ—Ä–∏—Ç–º–∞ –¥–ª
                                                  —è —Ä–µ—à–µ–Ω–∏—è –∑–∞–¥–∞...
(That makes 100 errors; please try again.) 
Here is how much of TeX's memory you used:
 43 strings out of 478864
 823 string characters out of 2858518
 292975 words of memory out of 10000000
 18067 multiletter control sequences out of 15000+600000
 403430 words of font info for 27 fonts, out of 8000000 for 9000
 1141 hyphenation exceptions out of 8191
 13i,0n,12p,260b,27s stack positions out of 5000i,500n,10000p,200000b,80000s

!  ==> Fatal error occurred, no output PDF file produced!
