This is pdfTeX, Version 3.141592653-2.6-1.40.22 (MiKTeX 21.6) (preloaded format=pdflatex 2021.9.4)  1 JAN 2022 13:33
entering extended mode
**./20-design.tex
(20-design.tex
LaTeX2e <2021-06-01>
L3 programming layer <2021-06-01>
! Undefined control sequence.
l.1 \chapter
            {–ö–æ–Ω—Å—Ç—Ä—É–∫—Ç–æ—Ä—Å–∫–∞—è —á–∞—Å—Ç—å}
The control sequence at the end of the top line
of your error message was never \def'ed. If you have
misspelled it (e.g., `\hobx'), type `I' and the correct
spelling (e.g., `I\hbox'). Otherwise just continue,
and I'll forget about whatever was undefined.


! Package inputenc Error: Unicode character –ö (U+041A)
(inputenc)                not set up for use with LaTeX.

See the inputenc package documentation for explanation.
Type  H <return>  for immediate help.
 ...                                              
                                                  
l.1 \chapter{–ö
               –æ–Ω—Å—Ç—Ä—É–∫—Ç–æ—Ä—Å–∫–∞—è —á–∞—Å—Ç—å}
You may provide a definition with
\DeclareUnicodeCharacter 


! Package inputenc Error: Unicode character –æ (U+043E)
(inputenc)                not set up for use with LaTeX.

See the inputenc package documentation for explanation.
Type  H <return>  for immediate help.
 ...                                              
                                                  
l.1 \chapter{–ö–æ
                 –Ω—Å—Ç—Ä—É–∫—Ç–æ—Ä—Å–∫–∞—è —á–∞—Å—Ç—å}
You may provide a definition with
\DeclareUnicodeCharacter 


! Package inputenc Error: Unicode character –Ω (U+043D)
(inputenc)                not set up for use with LaTeX.

See the inputenc package documentation for explanation.
Type  H <return>  for immediate help.
 ...                                              
                                                  
l.1 \chapter{–ö–æ–Ω
                   —Å—Ç—Ä—É–∫—Ç–æ—Ä—Å–∫–∞—è —á–∞—Å—Ç—å}
You may provide a definition with
\DeclareUnicodeCharacter 


! Package inputenc Error: Unicode character —Å (U+0441)
(inputenc)                not set up for use with LaTeX.

See the inputenc package documentation for explanation.
Type  H <return>  for immediate help.
 ...                                              
                                                  
l.1 \chapter{–ö–æ–Ω—Å
                     —Ç—Ä—É–∫—Ç–æ—Ä—Å–∫–∞—è —á–∞—Å—Ç—å}
You may provide a definition with
\DeclareUnicodeCharacter 


! Package inputenc Error: Unicode character —Ç (U+0442)
(inputenc)                not set up for use with LaTeX.

See the inputenc package documentation for explanation.
Type  H <return>  for immediate help.
 ...                                              
                                                  
l.1 \chapter{–ö–æ–Ω—Å—Ç
                       —Ä—É–∫—Ç–æ—Ä—Å–∫–∞—è —á–∞—Å—Ç—å}
You may provide a definition with
\DeclareUnicodeCharacter 


! Package inputenc Error: Unicode character —Ä (U+0440)
(inputenc)                not set up for use with LaTeX.

See the inputenc package documentation for explanation.
Type  H <return>  for immediate help.
 ...                                              
                                                  
l.1 \chapter{–ö–æ–Ω—Å—Ç—Ä
                         —É–∫—Ç–æ—Ä—Å–∫–∞—è —á–∞—Å—Ç—å}
You may provide a definition with
\DeclareUnicodeCharacter 


! Package inputenc Error: Unicode character —É (U+0443)
(inputenc)                not set up for use with LaTeX.

See the inputenc package documentation for explanation.
Type  H <return>  for immediate help.
 ...                                              
                                                  
l.1 \chapter{–ö–æ–Ω—Å—Ç—Ä—É
                           –∫—Ç–æ—Ä—Å–∫–∞—è —á–∞—Å—Ç—å}
You may provide a definition with
\DeclareUnicodeCharacter 


! Package inputenc Error: Unicode character –∫ (U+043A)
(inputenc)                not set up for use with LaTeX.

See the inputenc package documentation for explanation.
Type  H <return>  for immediate help.
 ...                                              
                                                  
l.1 \chapter{–ö–æ–Ω—Å—Ç—Ä—É–∫
                             —Ç–æ—Ä—Å–∫–∞—è —á–∞—Å—Ç—å}
You may provide a definition with
\DeclareUnicodeCharacter 


! Package inputenc Error: Unicode character —Ç (U+0442)
(inputenc)                not set up for use with LaTeX.

See the inputenc package documentation for explanation.
Type  H <return>  for immediate help.
 ...                                              
                                                  
l.1 \chapter{–ö–æ–Ω—Å—Ç—Ä—É–∫—Ç
                               –æ—Ä—Å–∫–∞—è —á–∞—Å—Ç—å}
You may provide a definition with
\DeclareUnicodeCharacter 


! Package inputenc Error: Unicode character –æ (U+043E)
(inputenc)                not set up for use with LaTeX.

See the inputenc package documentation for explanation.
Type  H <return>  for immediate help.
 ...                                              
                                                  
l.1 \chapter{–ö–æ–Ω—Å—Ç—Ä—É–∫—Ç–æ
                                 —Ä—Å–∫–∞—è —á–∞—Å—Ç—å}
You may provide a definition with
\DeclareUnicodeCharacter 


! Package inputenc Error: Unicode character —Ä (U+0440)
(inputenc)                not set up for use with LaTeX.

See the inputenc package documentation for explanation.
Type  H <return>  for immediate help.
 ...                                              
                                                  
l.1 \chapter{–ö–æ–Ω—Å—Ç—Ä—É–∫—Ç–æ—Ä
                                   —Å–∫–∞—è —á–∞—Å—Ç—å}
You may provide a definition with
\DeclareUnicodeCharacter 


! Package inputenc Error: Unicode character —Å (U+0441)
(inputenc)                not set up for use with LaTeX.

See the inputenc package documentation for explanation.
Type  H <return>  for immediate help.
 ...                                              
                                                  
l.1 \chapter{–ö–æ–Ω—Å—Ç—Ä—É–∫—Ç–æ—Ä—Å
                                     –∫–∞—è —á–∞—Å—Ç—å}
You may provide a definition with
\DeclareUnicodeCharacter 


! Package inputenc Error: Unicode character –∫ (U+043A)
(inputenc)                not set up for use with LaTeX.

See the inputenc package documentation for explanation.
Type  H <return>  for immediate help.
 ...                                              
                                                  
l.1 \chapter{–ö–æ–Ω—Å—Ç—Ä—É–∫—Ç–æ—Ä—Å–∫
                                       –∞—è —á–∞—Å—Ç—å}
You may provide a definition with
\DeclareUnicodeCharacter 


! Package inputenc Error: Unicode character –∞ (U+0430)
(inputenc)                not set up for use with LaTeX.

See the inputenc package documentation for explanation.
Type  H <return>  for immediate help.
 ...                                              
                                                  
l.1 \chapter{–ö–æ–Ω—Å—Ç—Ä—É–∫—Ç–æ—Ä—Å–∫–∞
                                         —è —á–∞—Å—Ç—å}
You may provide a definition with
\DeclareUnicodeCharacter 


! Package inputenc Error: Unicode character —è (U+044F)
(inputenc)                not set up for use with LaTeX.

See the inputenc package documentation for explanation.
Type  H <return>  for immediate help.
 ...                                              
                                                  
l.1 \chapter{–ö–æ–Ω—Å—Ç—Ä—É–∫—Ç–æ—Ä—Å–∫–∞—è
                                            —á–∞—Å—Ç—å}
You may provide a definition with
\DeclareUnicodeCharacter 


! Package inputenc Error: Unicode character —á (U+0447)
(inputenc)                not set up for use with LaTeX.

See the inputenc package documentation for explanation.
Type  H <return>  for immediate help.
 ...                                              
                                                  
l.1 \chapter{–ö–æ–Ω—Å—Ç—Ä—É–∫—Ç–æ—Ä—Å–∫–∞—è —á
                                              –∞—Å—Ç—å}
You may provide a definition with
\DeclareUnicodeCharacter 


! Package inputenc Error: Unicode character –∞ (U+0430)
(inputenc)                not set up for use with LaTeX.

See the inputenc package documentation for explanation.
Type  H <return>  for immediate help.
 ...                                              
                                                  
l.1 \chapter{–ö–æ–Ω—Å—Ç—Ä—É–∫—Ç–æ—Ä—Å–∫–∞—è —á–∞
                                                —Å—Ç—å}
You may provide a definition with
\DeclareUnicodeCharacter 


! Package inputenc Error: Unicode character —Å (U+0441)
(inputenc)                not set up for use with LaTeX.

See the inputenc package documentation for explanation.
Type  H <return>  for immediate help.
 ...                                              
                                                  
l.1 \chapter{–ö–æ–Ω—Å—Ç—Ä—É–∫—Ç–æ—Ä—Å–∫–∞—è —á–∞—Å
                                                  —Ç—å}
You may provide a definition with
\DeclareUnicodeCharacter 


! Package inputenc Error: Unicode character —Ç (U+0442)
(inputenc)                not set up for use with LaTeX.

See the inputenc package documentation for explanation.
Type  H <return>  for immediate help.
 ...                                              
                                                  
l.1 ...ter{–ö–æ–Ω—Å—Ç—Ä—É–∫—Ç–æ—Ä—Å–∫–∞—è —á–∞—Å—Ç
                                                  —å}
You may provide a definition with
\DeclareUnicodeCharacter 


! Package inputenc Error: Unicode character —å (U+044C)
(inputenc)                not set up for use with LaTeX.

See the inputenc package documentation for explanation.
Type  H <return>  for immediate help.
 ...                                              
                                                  
l.1 ...r{–ö–æ–Ω—Å—Ç—Ä—É–∫—Ç–æ—Ä—Å–∫–∞—è —á–∞—Å—Ç—å
                                                  }
You may provide a definition with
\DeclareUnicodeCharacter 


! Package inputenc Error: Unicode character –† (U+0420)
(inputenc)                not set up for use with LaTeX.

See the inputenc package documentation for explanation.
Type  H <return>  for immediate help.
 ...                                              
                                                  
l.3 –†
      –µ–∫—É—Ä—Ä–µ–Ω—Ç–Ω—ã–µ —Ñ–æ—Ä–º—É–ª—ã, —Ä–∞—Å—Å–º–æ—Ç—Ä–µ–Ω–Ω—ã–µ –≤ –...

You may provide a definition with
\DeclareUnicodeCharacter 


! Package inputenc Error: Unicode character –µ (U+0435)
(inputenc)                not set up for use with LaTeX.

See the inputenc package documentation for explanation.
Type  H <return>  for immediate help.
 ...                                              
                                                  
l.3 –†–µ
        –∫—É—Ä—Ä–µ–Ω—Ç–Ω—ã–µ —Ñ–æ—Ä–º—É–ª—ã, —Ä–∞—Å—Å–º–æ—Ç—Ä–µ–Ω–Ω—ã–µ –≤ –...

You may provide a definition with
\DeclareUnicodeCharacter 


! Package inputenc Error: Unicode character –∫ (U+043A)
(inputenc)                not set up for use with LaTeX.

See the inputenc package documentation for explanation.
Type  H <return>  for immediate help.
 ...                                              
                                                  
l.3 –†–µ–∫
          —É—Ä—Ä–µ–Ω—Ç–Ω—ã–µ —Ñ–æ—Ä–º—É–ª—ã, —Ä–∞—Å—Å–º–æ—Ç—Ä–µ–Ω–Ω—ã–µ –≤ –...

You may provide a definition with
\DeclareUnicodeCharacter 


! Package inputenc Error: Unicode character —É (U+0443)
(inputenc)                not set up for use with LaTeX.

See the inputenc package documentation for explanation.
Type  H <return>  for immediate help.
 ...                                              
                                                  
l.3 –†–µ–∫—É
            —Ä—Ä–µ–Ω—Ç–Ω—ã–µ —Ñ–æ—Ä–º—É–ª—ã, —Ä–∞—Å—Å–º–æ—Ç—Ä–µ–Ω–Ω—ã–µ –≤ –...

You may provide a definition with
\DeclareUnicodeCharacter 


! Package inputenc Error: Unicode character —Ä (U+0440)
(inputenc)                not set up for use with LaTeX.

See the inputenc package documentation for explanation.
Type  H <return>  for immediate help.
 ...                                              
                                                  
l.3 –†–µ–∫—É—Ä
              —Ä–µ–Ω—Ç–Ω—ã–µ —Ñ–æ—Ä–º—É–ª—ã, —Ä–∞—Å—Å–º–æ—Ç—Ä–µ–Ω–Ω—ã–µ –≤ –...

You may provide a definition with
\DeclareUnicodeCharacter 


! Package inputenc Error: Unicode character —Ä (U+0440)
(inputenc)                not set up for use with LaTeX.

See the inputenc package documentation for explanation.
Type  H <return>  for immediate help.
 ...                                              
                                                  
l.3 –†–µ–∫—É—Ä—Ä
                –µ–Ω—Ç–Ω—ã–µ —Ñ–æ—Ä–º—É–ª—ã, —Ä–∞—Å—Å–º–æ—Ç—Ä–µ–Ω–Ω—ã–µ –≤ –...

You may provide a definition with
\DeclareUnicodeCharacter 


! Package inputenc Error: Unicode character –µ (U+0435)
(inputenc)                not set up for use with LaTeX.

See the inputenc package documentation for explanation.
Type  H <return>  for immediate help.
 ...                                              
                                                  
l.3 –†–µ–∫—É—Ä—Ä–µ
                  –Ω—Ç–Ω—ã–µ —Ñ–æ—Ä–º—É–ª—ã, —Ä–∞—Å—Å–º–æ—Ç—Ä–µ–Ω–Ω—ã–µ –≤ –...

You may provide a definition with
\DeclareUnicodeCharacter 


! Package inputenc Error: Unicode character –Ω (U+043D)
(inputenc)                not set up for use with LaTeX.

See the inputenc package documentation for explanation.
Type  H <return>  for immediate help.
 ...                                              
                                                  
l.3 –†–µ–∫—É—Ä—Ä–µ–Ω
                    —Ç–Ω—ã–µ —Ñ–æ—Ä–º—É–ª—ã, —Ä–∞—Å—Å–º–æ—Ç—Ä–µ–Ω–Ω—ã–µ –≤ –...

You may provide a definition with
\DeclareUnicodeCharacter 


! Package inputenc Error: Unicode character —Ç (U+0442)
(inputenc)                not set up for use with LaTeX.

See the inputenc package documentation for explanation.
Type  H <return>  for immediate help.
 ...                                              
                                                  
l.3 –†–µ–∫—É—Ä—Ä–µ–Ω—Ç
                      –Ω—ã–µ —Ñ–æ—Ä–º—É–ª—ã, —Ä–∞—Å—Å–º–æ—Ç—Ä–µ–Ω–Ω—ã–µ –≤ –...

You may provide a definition with
\DeclareUnicodeCharacter 


! Package inputenc Error: Unicode character –Ω (U+043D)
(inputenc)                not set up for use with LaTeX.

See the inputenc package documentation for explanation.
Type  H <return>  for immediate help.
 ...                                              
                                                  
l.3 –†–µ–∫—É—Ä—Ä–µ–Ω—Ç–Ω
                        —ã–µ —Ñ–æ—Ä–º—É–ª—ã, —Ä–∞—Å—Å–º–æ—Ç—Ä–µ–Ω–Ω—ã–µ –≤ –...

You may provide a definition with
\DeclareUnicodeCharacter 


! Package inputenc Error: Unicode character —ã (U+044B)
(inputenc)                not set up for use with LaTeX.

See the inputenc package documentation for explanation.
Type  H <return>  for immediate help.
 ...                                              
                                                  
l.3 –†–µ–∫—É—Ä—Ä–µ–Ω—Ç–Ω—ã
                          –µ —Ñ–æ—Ä–º—É–ª—ã, —Ä–∞—Å—Å–º–æ—Ç—Ä–µ–Ω–Ω—ã–µ –≤ –...

You may provide a definition with
\DeclareUnicodeCharacter 


! Package inputenc Error: Unicode character –µ (U+0435)
(inputenc)                not set up for use with LaTeX.

See the inputenc package documentation for explanation.
Type  H <return>  for immediate help.
 ...                                              
                                                  
l.3 –†–µ–∫—É—Ä—Ä–µ–Ω—Ç–Ω—ã–µ
                             —Ñ–æ—Ä–º—É–ª—ã, —Ä–∞—Å—Å–º–æ—Ç—Ä–µ–Ω–Ω—ã–µ –≤ –...

You may provide a definition with
\DeclareUnicodeCharacter 


! Package inputenc Error: Unicode character —Ñ (U+0444)
(inputenc)                not set up for use with LaTeX.

See the inputenc package documentation for explanation.
Type  H <return>  for immediate help.
 ...                                              
                                                  
l.3 –†–µ–∫—É—Ä—Ä–µ–Ω—Ç–Ω—ã–µ —Ñ
                               –æ—Ä–º—É–ª—ã, —Ä–∞—Å—Å–º–æ—Ç—Ä–µ–Ω–Ω—ã–µ –≤ –...

You may provide a definition with
\DeclareUnicodeCharacter 


! Package inputenc Error: Unicode character –æ (U+043E)
(inputenc)                not set up for use with LaTeX.

See the inputenc package documentation for explanation.
Type  H <return>  for immediate help.
 ...                                              
                                                  
l.3 –†–µ–∫—É—Ä—Ä–µ–Ω—Ç–Ω—ã–µ —Ñ–æ
                                 —Ä–º—É–ª—ã, —Ä–∞—Å—Å–º–æ—Ç—Ä–µ–Ω–Ω—ã–µ –≤ –...

You may provide a definition with
\DeclareUnicodeCharacter 


! Package inputenc Error: Unicode character —Ä (U+0440)
(inputenc)                not set up for use with LaTeX.

See the inputenc package documentation for explanation.
Type  H <return>  for immediate help.
 ...                                              
                                                  
l.3 –†–µ–∫—É—Ä—Ä–µ–Ω—Ç–Ω—ã–µ —Ñ–æ—Ä
                                   –º—É–ª—ã, —Ä–∞—Å—Å–º–æ—Ç—Ä–µ–Ω–Ω—ã–µ –≤ –...

You may provide a definition with
\DeclareUnicodeCharacter 


! Package inputenc Error: Unicode character –º (U+043C)
(inputenc)                not set up for use with LaTeX.

See the inputenc package documentation for explanation.
Type  H <return>  for immediate help.
 ...                                              
                                                  
l.3 –†–µ–∫—É—Ä—Ä–µ–Ω—Ç–Ω—ã–µ —Ñ–æ—Ä–º
                                     —É–ª—ã, —Ä–∞—Å—Å–º–æ—Ç—Ä–µ–Ω–Ω—ã–µ –≤ –...

You may provide a definition with
\DeclareUnicodeCharacter 


! Package inputenc Error: Unicode character —É (U+0443)
(inputenc)                not set up for use with LaTeX.

See the inputenc package documentation for explanation.
Type  H <return>  for immediate help.
 ...                                              
                                                  
l.3 –†–µ–∫—É—Ä—Ä–µ–Ω—Ç–Ω—ã–µ —Ñ–æ—Ä–º—É
                                       –ª—ã, —Ä–∞—Å—Å–º–æ—Ç—Ä–µ–Ω–Ω—ã–µ –≤ –...

You may provide a definition with
\DeclareUnicodeCharacter 


! Package inputenc Error: Unicode character –ª (U+043B)
(inputenc)                not set up for use with LaTeX.

See the inputenc package documentation for explanation.
Type  H <return>  for immediate help.
 ...                                              
                                                  
l.3 –†–µ–∫—É—Ä—Ä–µ–Ω—Ç–Ω—ã–µ —Ñ–æ—Ä–º—É–ª
                                         —ã, —Ä–∞—Å—Å–º–æ—Ç—Ä–µ–Ω–Ω—ã–µ –≤ –...

You may provide a definition with
\DeclareUnicodeCharacter 


! Package inputenc Error: Unicode character —ã (U+044B)
(inputenc)                not set up for use with LaTeX.

See the inputenc package documentation for explanation.
Type  H <return>  for immediate help.
 ...                                              
                                                  
l.3 –†–µ–∫—É—Ä—Ä–µ–Ω—Ç–Ω—ã–µ —Ñ–æ—Ä–º—É–ª—ã
                                           , —Ä–∞—Å—Å–º–æ—Ç—Ä–µ–Ω–Ω—ã–µ –≤ –...

You may provide a definition with
\DeclareUnicodeCharacter 


! LaTeX Error: Missing \begin{document}.

See the LaTeX manual or LaTeX Companion for explanation.
Type  H <return>  for immediate help.
 ...                                              
                                                  
l.3 –†–µ–∫—É—Ä—Ä–µ–Ω—Ç–Ω—ã–µ —Ñ–æ—Ä–º—É–ª—ã,
                                             —Ä–∞—Å—Å–º–æ—Ç—Ä–µ–Ω–Ω—ã–µ –≤ –...

You're in trouble here.  Try typing  <return>  to proceed.
If that doesn't work, type  X <return>  to quit.

Missing character: There is no , in font nullfont!

! Package inputenc Error: Unicode character —Ä (U+0440)
(inputenc)                not set up for use with LaTeX.

See the inputenc package documentation for explanation.
Type  H <return>  for immediate help.
 ...                                              
                                                  
l.3 –†–µ–∫—É—Ä—Ä–µ–Ω—Ç–Ω—ã–µ —Ñ–æ—Ä–º—É–ª—ã, —Ä
                                               –∞—Å—Å–º–æ—Ç—Ä–µ–Ω–Ω—ã–µ –≤ –...

You may provide a definition with
\DeclareUnicodeCharacter 


! Package inputenc Error: Unicode character –∞ (U+0430)
(inputenc)                not set up for use with LaTeX.

See the inputenc package documentation for explanation.
Type  H <return>  for immediate help.
 ...                                              
                                                  
l.3 –†–µ–∫—É—Ä—Ä–µ–Ω—Ç–Ω—ã–µ —Ñ–æ—Ä–º—É–ª—ã, —Ä–∞
                                                 —Å—Å–º–æ—Ç—Ä–µ–Ω–Ω—ã–µ –≤ –...

You may provide a definition with
\DeclareUnicodeCharacter 


! Package inputenc Error: Unicode character —Å (U+0441)
(inputenc)                not set up for use with LaTeX.

See the inputenc package documentation for explanation.
Type  H <return>  for immediate help.
 ...                                              
                                                  
l.3 ...–∫—É—Ä—Ä–µ–Ω—Ç–Ω—ã–µ —Ñ–æ—Ä–º—É–ª—ã, —Ä–∞—Å
                                                  —Å–º–æ—Ç—Ä–µ–Ω–Ω—ã–µ –≤ –ø...

You may provide a definition with
\DeclareUnicodeCharacter 


! Package inputenc Error: Unicode character —Å (U+0441)
(inputenc)                not set up for use with LaTeX.

See the inputenc package documentation for explanation.
Type  H <return>  for immediate help.
 ...                                              
                                                  
l.3 ...—É—Ä—Ä–µ–Ω—Ç–Ω—ã–µ —Ñ–æ—Ä–º—É–ª—ã, —Ä–∞—Å—Å
                                                  –º–æ—Ç—Ä–µ–Ω–Ω—ã–µ –≤ –ø—Ä...

You may provide a definition with
\DeclareUnicodeCharacter 


! Package inputenc Error: Unicode character –º (U+043C)
(inputenc)                not set up for use with LaTeX.

See the inputenc package documentation for explanation.
Type  H <return>  for immediate help.
 ...                                              
                                                  
l.3 ...—Ä—Ä–µ–Ω—Ç–Ω—ã–µ —Ñ–æ—Ä–º—É–ª—ã, —Ä–∞—Å—Å–º
                                                  –æ—Ç—Ä–µ–Ω–Ω—ã–µ –≤ –ø—Ä–µ...

You may provide a definition with
\DeclareUnicodeCharacter 


! Package inputenc Error: Unicode character –æ (U+043E)
(inputenc)                not set up for use with LaTeX.

See the inputenc package documentation for explanation.
Type  H <return>  for immediate help.
 ...                                              
                                                  
l.3 ...—Ä–µ–Ω—Ç–Ω—ã–µ —Ñ–æ—Ä–º—É–ª—ã, —Ä–∞—Å—Å–º–æ
                                                  —Ç—Ä–µ–Ω–Ω—ã–µ –≤ –ø—Ä–µ–¥...

You may provide a definition with
\DeclareUnicodeCharacter 


! Package inputenc Error: Unicode character —Ç (U+0442)
(inputenc)                not set up for use with LaTeX.

See the inputenc package documentation for explanation.
Type  H <return>  for immediate help.
 ...                                              
                                                  
l.3 ...–µ–Ω—Ç–Ω—ã–µ —Ñ–æ—Ä–º—É–ª—ã, —Ä–∞—Å—Å–º–æ—Ç
                                                  —Ä–µ–Ω–Ω—ã–µ –≤ –ø—Ä–µ–¥—ã...

You may provide a definition with
\DeclareUnicodeCharacter 


! Package inputenc Error: Unicode character —Ä (U+0440)
(inputenc)                not set up for use with LaTeX.

See the inputenc package documentation for explanation.
Type  H <return>  for immediate help.
 ...                                              
                                                  
l.3 ...–Ω—Ç–Ω—ã–µ —Ñ–æ—Ä–º—É–ª—ã, —Ä–∞—Å—Å–º–æ—Ç—Ä
                                                  –µ–Ω–Ω—ã–µ –≤ –ø—Ä–µ–¥—ã–¥...

You may provide a definition with
\DeclareUnicodeCharacter 


! Package inputenc Error: Unicode character –µ (U+0435)
(inputenc)                not set up for use with LaTeX.

See the inputenc package documentation for explanation.
Type  H <return>  for immediate help.
 ...                                              
                                                  
l.3 ...—Ç–Ω—ã–µ —Ñ–æ—Ä–º—É–ª—ã, —Ä–∞—Å—Å–º–æ—Ç—Ä–µ
                                                  –Ω–Ω—ã–µ –≤ –ø—Ä–µ–¥—ã–¥—É...

You may provide a definition with
\DeclareUnicodeCharacter 


! Package inputenc Error: Unicode character –Ω (U+043D)
(inputenc)                not set up for use with LaTeX.

See the inputenc package documentation for explanation.
Type  H <return>  for immediate help.
 ...                                              
                                                  
l.3 ...–Ω—ã–µ —Ñ–æ—Ä–º—É–ª—ã, —Ä–∞—Å—Å–º–æ—Ç—Ä–µ–Ω
                                                  –Ω—ã–µ –≤ –ø—Ä–µ–¥—ã–¥—É—â...

You may provide a definition with
\DeclareUnicodeCharacter 


! Package inputenc Error: Unicode character –Ω (U+043D)
(inputenc)                not set up for use with LaTeX.

See the inputenc package documentation for explanation.
Type  H <return>  for immediate help.
 ...                                              
                                                  
l.3 ...—ã–µ —Ñ–æ—Ä–º—É–ª—ã, —Ä–∞—Å—Å–º–æ—Ç—Ä–µ–Ω–Ω
                                                  —ã–µ –≤ –ø—Ä–µ–¥—ã–¥—É—â–µ...

You may provide a definition with
\DeclareUnicodeCharacter 


! Package inputenc Error: Unicode character —ã (U+044B)
(inputenc)                not set up for use with LaTeX.

See the inputenc package documentation for explanation.
Type  H <return>  for immediate help.
 ...                                              
                                                  
l.3 ...–µ —Ñ–æ—Ä–º—É–ª—ã, —Ä–∞—Å—Å–º–æ—Ç—Ä–µ–Ω–Ω—ã
                                                  –µ –≤ –ø—Ä–µ–¥—ã–¥—É—â–µ–º...

You may provide a definition with
\DeclareUnicodeCharacter 


! Package inputenc Error: Unicode character –µ (U+0435)
(inputenc)                not set up for use with LaTeX.

See the inputenc package documentation for explanation.
Type  H <return>  for immediate help.
 ...                                              
                                                  
l.3 ... —Ñ–æ—Ä–º—É–ª—ã, —Ä–∞—Å—Å–º–æ—Ç—Ä–µ–Ω–Ω—ã–µ
                                                   –≤ –ø—Ä–µ–¥—ã–¥—É—â–µ–º —...

You may provide a definition with
\DeclareUnicodeCharacter 


! Package inputenc Error: Unicode character –≤ (U+0432)
(inputenc)                not set up for use with LaTeX.

See the inputenc package documentation for explanation.
Type  H <return>  for immediate help.
 ...                                              
                                                  
l.3 ...–æ—Ä–º—É–ª—ã, —Ä–∞—Å—Å–º–æ—Ç—Ä–µ–Ω–Ω—ã–µ –≤
                                                   –ø—Ä–µ–¥—ã–¥—É—â–µ–º —Ä–∞...

You may provide a definition with
\DeclareUnicodeCharacter 


! Package inputenc Error: Unicode character –ø (U+043F)
(inputenc)                not set up for use with LaTeX.

See the inputenc package documentation for explanation.
Type  H <return>  for immediate help.
 ...                                              
                                                  
l.3 ...Ä–º—É–ª—ã, —Ä–∞—Å—Å–º–æ—Ç—Ä–µ–Ω–Ω—ã–µ –≤ –ø
                                                  —Ä–µ–¥—ã–¥—É—â–µ–º —Ä–∞–∑–...

You may provide a definition with
\DeclareUnicodeCharacter 


! Package inputenc Error: Unicode character —Ä (U+0440)
(inputenc)                not set up for use with LaTeX.

See the inputenc package documentation for explanation.
Type  H <return>  for immediate help.
 ...                                              
                                                  
l.3 ...º—É–ª—ã, —Ä–∞—Å—Å–º–æ—Ç—Ä–µ–Ω–Ω—ã–µ –≤ –ø—Ä
                                                  –µ–¥—ã–¥—É—â–µ–º —Ä–∞–∑–¥–...

You may provide a definition with
\DeclareUnicodeCharacter 


! Package inputenc Error: Unicode character –µ (U+0435)
(inputenc)                not set up for use with LaTeX.

See the inputenc package documentation for explanation.
Type  H <return>  for immediate help.
 ...                                              
                                                  
l.3 ...É–ª—ã, —Ä–∞—Å—Å–º–æ—Ç—Ä–µ–Ω–Ω—ã–µ –≤ –ø—Ä–µ
                                                  –¥—ã–¥—É—â–µ–º —Ä–∞–∑–¥–µ–...

You may provide a definition with
\DeclareUnicodeCharacter 


! Package inputenc Error: Unicode character –¥ (U+0434)
(inputenc)                not set up for use with LaTeX.

See the inputenc package documentation for explanation.
Type  H <return>  for immediate help.
 ...                                              
                                                  
l.3 ...ª—ã, —Ä–∞—Å—Å–º–æ—Ç—Ä–µ–Ω–Ω—ã–µ –≤ –ø—Ä–µ–¥
                                                  —ã–¥—É—â–µ–º —Ä–∞–∑–¥–µ–ª–...

You may provide a definition with
\DeclareUnicodeCharacter 


! Package inputenc Error: Unicode character —ã (U+044B)
(inputenc)                not set up for use with LaTeX.

See the inputenc package documentation for explanation.
Type  H <return>  for immediate help.
 ...                                              
                                                  
l.3 ...ã, —Ä–∞—Å—Å–º–æ—Ç—Ä–µ–Ω–Ω—ã–µ –≤ –ø—Ä–µ–¥—ã
                                                  –¥—É—â–µ–º —Ä–∞–∑–¥–µ–ª–µ,...

You may provide a definition with
\DeclareUnicodeCharacter 


! Package inputenc Error: Unicode character –¥ (U+0434)
(inputenc)                not set up for use with LaTeX.

See the inputenc package documentation for explanation.
Type  H <return>  for immediate help.
 ...                                              
                                                  
l.3 ... —Ä–∞—Å—Å–º–æ—Ç—Ä–µ–Ω–Ω—ã–µ –≤ –ø—Ä–µ–¥—ã–¥
                                                  —É—â–µ–º —Ä–∞–∑–¥–µ–ª–µ, –...

You may provide a definition with
\DeclareUnicodeCharacter 


! Package inputenc Error: Unicode character —É (U+0443)
(inputenc)                not set up for use with LaTeX.

See the inputenc package documentation for explanation.
Type  H <return>  for immediate help.
 ...                                              
                                                  
l.3 ...Ä–∞—Å—Å–º–æ—Ç—Ä–µ–Ω–Ω—ã–µ –≤ –ø—Ä–µ–¥—ã–¥—É
                                                  —â–µ–º —Ä–∞–∑–¥–µ–ª–µ, –ø–...

You may provide a definition with
\DeclareUnicodeCharacter 


! Package inputenc Error: Unicode character —â (U+0449)
(inputenc)                not set up for use with LaTeX.

See the inputenc package documentation for explanation.
Type  H <return>  for immediate help.
 ...                                              
                                                  
l.3 ...∞—Å—Å–º–æ—Ç—Ä–µ–Ω–Ω—ã–µ –≤ –ø—Ä–µ–¥—ã–¥—É—â
                                                  –µ–º —Ä–∞–∑–¥–µ–ª–µ, –ø–æ–...

You may provide a definition with
\DeclareUnicodeCharacter 


! Package inputenc Error: Unicode character –µ (U+0435)
(inputenc)                not set up for use with LaTeX.

See the inputenc package documentation for explanation.
Type  H <return>  for immediate help.
 ...                                              
                                                  
l.3 ...Å—Å–º–æ—Ç—Ä–µ–Ω–Ω—ã–µ –≤ –ø—Ä–µ–¥—ã–¥—É—â–µ
                                                  –º —Ä–∞–∑–¥–µ–ª–µ, –ø–æ–∑–...

You may provide a definition with
\DeclareUnicodeCharacter 


! Package inputenc Error: Unicode character –º (U+043C)
(inputenc)                not set up for use with LaTeX.

See the inputenc package documentation for explanation.
Type  H <return>  for immediate help.
 ...                                              
                                                  
l.3 ...Å–º–æ—Ç—Ä–µ–Ω–Ω—ã–µ –≤ –ø—Ä–µ–¥—ã–¥—É—â–µ–º
                                                   —Ä–∞–∑–¥–µ–ª–µ, –ø–æ–∑–≤–...

You may provide a definition with
\DeclareUnicodeCharacter 


! Package inputenc Error: Unicode character —Ä (U+0440)
(inputenc)                not set up for use with LaTeX.

See the inputenc package documentation for explanation.
Type  H <return>  for immediate help.
 ...                                              
                                                  
l.3 ...–æ—Ç—Ä–µ–Ω–Ω—ã–µ –≤ –ø—Ä–µ–¥—ã–¥—É—â–µ–º —Ä
                                                  –∞–∑–¥–µ–ª–µ, –ø–æ–∑–≤–æ–ª...

You may provide a definition with
\DeclareUnicodeCharacter 


! Package inputenc Error: Unicode character –∞ (U+0430)
(inputenc)                not set up for use with LaTeX.

See the inputenc package documentation for explanation.
Type  H <return>  for immediate help.
 ...                                              
                                                  
l.3 ...—Ç—Ä–µ–Ω–Ω—ã–µ –≤ –ø—Ä–µ–¥—ã–¥—É—â–µ–º —Ä–∞
                                                  –∑–¥–µ–ª–µ, –ø–æ–∑–≤–æ–ª—è...

You may provide a definition with
\DeclareUnicodeCharacter 


! Package inputenc Error: Unicode character –∑ (U+0437)
(inputenc)                not set up for use with LaTeX.

See the inputenc package documentation for explanation.
Type  H <return>  for immediate help.
 ...                                              
                                                  
l.3 ...—Ä–µ–Ω–Ω—ã–µ –≤ –ø—Ä–µ–¥—ã–¥—É—â–µ–º —Ä–∞–∑
                                                  –¥–µ–ª–µ, –ø–æ–∑–≤–æ–ª—è—é...

You may provide a definition with
\DeclareUnicodeCharacter 


! Package inputenc Error: Unicode character –¥ (U+0434)
(inputenc)                not set up for use with LaTeX.

See the inputenc package documentation for explanation.
Type  H <return>  for immediate help.
 ...                                              
                                                  
l.3 ...–µ–Ω–Ω—ã–µ –≤ –ø—Ä–µ–¥—ã–¥—É—â–µ–º —Ä–∞–∑–¥
                                                  –µ–ª–µ, –ø–æ–∑–≤–æ–ª—è—é—Ç...

You may provide a definition with
\DeclareUnicodeCharacter 


! Package inputenc Error: Unicode character –µ (U+0435)
(inputenc)                not set up for use with LaTeX.

See the inputenc package documentation for explanation.
Type  H <return>  for immediate help.
 ...                                              
                                                  
l.3 ...–Ω–Ω—ã–µ –≤ –ø—Ä–µ–¥—ã–¥—É—â–µ–º —Ä–∞–∑–¥–µ
                                                  –ª–µ, –ø–æ–∑–≤–æ–ª—è—é—Ç –...

You may provide a definition with
\DeclareUnicodeCharacter 


! Package inputenc Error: Unicode character –ª (U+043B)
(inputenc)                not set up for use with LaTeX.

See the inputenc package documentation for explanation.
Type  H <return>  for immediate help.
 ...                                              
                                                  
l.3 ...–Ω—ã–µ –≤ –ø—Ä–µ–¥—ã–¥—É—â–µ–º —Ä–∞–∑–¥–µ–ª
                                                  –µ, –ø–æ–∑–≤–æ–ª—è—é—Ç –Ω–...

You may provide a definition with
\DeclareUnicodeCharacter 


! Package inputenc Error: Unicode character –µ (U+0435)
(inputenc)                not set up for use with LaTeX.

See the inputenc package documentation for explanation.
Type  H <return>  for immediate help.
 ...                                              
                                                  
l.3 ...—ã–µ –≤ –ø—Ä–µ–¥—ã–¥—É—â–µ–º —Ä–∞–∑–¥–µ–ª–µ
                                                  , –ø–æ–∑–≤–æ–ª—è—é—Ç –Ω–∞—...

You may provide a definition with
\DeclareUnicodeCharacter 

Missing character: There is no , in font nullfont!

! Package inputenc Error: Unicode character –ø (U+043F)
(inputenc)                not set up for use with LaTeX.

See the inputenc package documentation for explanation.
Type  H <return>  for immediate help.
 ...                                              
                                                  
l.3 ... –≤ –ø—Ä–µ–¥—ã–¥—É—â–µ–º —Ä–∞–∑–¥–µ–ª–µ, –ø
                                                  –æ–∑–≤–æ–ª—è—é—Ç –Ω–∞—Ö–æ–...

You may provide a definition with
\DeclareUnicodeCharacter 


! Package inputenc Error: Unicode character –æ (U+043E)
(inputenc)                not set up for use with LaTeX.

See the inputenc package documentation for explanation.
Type  H <return>  for immediate help.
 ...                                              
                                                  
l.3 ...≤ –ø—Ä–µ–¥—ã–¥—É—â–µ–º —Ä–∞–∑–¥–µ–ª–µ, –ø–æ
                                                  –∑–≤–æ–ª—è—é—Ç –Ω–∞—Ö–æ–¥–...

You may provide a definition with
\DeclareUnicodeCharacter 


! Package inputenc Error: Unicode character –∑ (U+0437)
(inputenc)                not set up for use with LaTeX.

See the inputenc package documentation for explanation.
Type  H <return>  for immediate help.
 ...                                              
                                                  
l.3 ...–ø—Ä–µ–¥—ã–¥—É—â–µ–º —Ä–∞–∑–¥–µ–ª–µ, –ø–æ–∑
                                                  –≤–æ–ª—è—é—Ç –Ω–∞—Ö–æ–¥–∏—...

You may provide a definition with
\DeclareUnicodeCharacter 


! Package inputenc Error: Unicode character –≤ (U+0432)
(inputenc)                not set up for use with LaTeX.

See the inputenc package documentation for explanation.
Type  H <return>  for immediate help.
 ...                                              
                                                  
l.3 ...—Ä–µ–¥—ã–¥—É—â–µ–º —Ä–∞–∑–¥–µ–ª–µ, –ø–æ–∑–≤
                                                  –æ–ª—è—é—Ç –Ω–∞—Ö–æ–¥–∏—Ç—...

You may provide a definition with
\DeclareUnicodeCharacter 


! Package inputenc Error: Unicode character –æ (U+043E)
(inputenc)                not set up for use with LaTeX.

See the inputenc package documentation for explanation.
Type  H <return>  for immediate help.
 ...                                              
                                                  
l.3 ...–µ–¥—ã–¥—É—â–µ–º —Ä–∞–∑–¥–µ–ª–µ, –ø–æ–∑–≤–æ
                                                  –ª—è—é—Ç –Ω–∞—Ö–æ–¥–∏—Ç—å ...

You may provide a definition with
\DeclareUnicodeCharacter 


! Package inputenc Error: Unicode character –ª (U+043B)
(inputenc)                not set up for use with LaTeX.

See the inputenc package documentation for explanation.
Type  H <return>  for immediate help.
 ...                                              
                                                  
l.3 ...–¥—ã–¥—É—â–µ–º —Ä–∞–∑–¥–µ–ª–µ, –ø–æ–∑–≤–æ–ª
                                                  —è—é—Ç –Ω–∞—Ö–æ–¥–∏—Ç—å —Ä...

You may provide a definition with
\DeclareUnicodeCharacter 


! Package inputenc Error: Unicode character —è (U+044F)
(inputenc)                not set up for use with LaTeX.

See the inputenc package documentation for explanation.
Type  H <return>  for immediate help.
 ...                                              
                                                  
l.3 ...—ã–¥—É—â–µ–º —Ä–∞–∑–¥–µ–ª–µ, –ø–æ–∑–≤–æ–ª—è
                                                  —é—Ç –Ω–∞—Ö–æ–¥–∏—Ç—å —Ä–∞...

You may provide a definition with
\DeclareUnicodeCharacter 


! Package inputenc Error: Unicode character —é (U+044E)
(inputenc)                not set up for use with LaTeX.

See the inputenc package documentation for explanation.
Type  H <return>  for immediate help.
 ...                                              
                                                  
l.3 ...–¥—É—â–µ–º —Ä–∞–∑–¥–µ–ª–µ, –ø–æ–∑–≤–æ–ª—è—é
                                                  —Ç –Ω–∞—Ö–æ–¥–∏—Ç—å —Ä–∞—Å...

You may provide a definition with
\DeclareUnicodeCharacter 


! Package inputenc Error: Unicode character —Ç (U+0442)
(inputenc)                not set up for use with LaTeX.

See the inputenc package documentation for explanation.
Type  H <return>  for immediate help.
 ...                                              
                                                  
l.3 ...—É—â–µ–º —Ä–∞–∑–¥–µ–ª–µ, –ø–æ–∑–≤–æ–ª—è—é—Ç
                                                   –Ω–∞—Ö–æ–¥–∏—Ç—å —Ä–∞—Å—Å...

You may provide a definition with
\DeclareUnicodeCharacter 


! Package inputenc Error: Unicode character –Ω (U+043D)
(inputenc)                not set up for use with LaTeX.

See the inputenc package documentation for explanation.
Type  H <return>  for immediate help.
 ...                                              
                                                  
l.3 ...â–µ–º —Ä–∞–∑–¥–µ–ª–µ, –ø–æ–∑–≤–æ–ª—è—é—Ç –Ω
                                                  –∞—Ö–æ–¥–∏—Ç—å —Ä–∞—Å—Å—Ç–...

You may provide a definition with
\DeclareUnicodeCharacter 


! Package inputenc Error: Unicode character –∞ (U+0430)
(inputenc)                not set up for use with LaTeX.

See the inputenc package documentation for explanation.
Type  H <return>  for immediate help.
 ...                                              
                                                  
l.3 ...µ–º —Ä–∞–∑–¥–µ–ª–µ, –ø–æ–∑–≤–æ–ª—è—é—Ç –Ω–∞
                                                  —Ö–æ–¥–∏—Ç—å —Ä–∞—Å—Å—Ç–æ—...

You may provide a definition with
\DeclareUnicodeCharacter 


! Package inputenc Error: Unicode character —Ö (U+0445)
(inputenc)                not set up for use with LaTeX.

See the inputenc package documentation for explanation.
Type  H <return>  for immediate help.
 ...                                              
                                                  
l.3 ...º —Ä–∞–∑–¥–µ–ª–µ, –ø–æ–∑–≤–æ–ª—è—é—Ç –Ω–∞—Ö
                                                  –æ–¥–∏—Ç—å —Ä–∞—Å—Å—Ç–æ—è–...

You may provide a definition with
\DeclareUnicodeCharacter 


! Package inputenc Error: Unicode character –æ (U+043E)
(inputenc)                not set up for use with LaTeX.

See the inputenc package documentation for explanation.
Type  H <return>  for immediate help.
 ...                                              
                                                  
l.3 ...—Ä–∞–∑–¥–µ–ª–µ, –ø–æ–∑–≤–æ–ª—è—é—Ç –Ω–∞—Ö–æ
                                                  –¥–∏—Ç—å —Ä–∞—Å—Å—Ç–æ—è–Ω–...

You may provide a definition with
\DeclareUnicodeCharacter 


! Package inputenc Error: Unicode character –¥ (U+0434)
(inputenc)                not set up for use with LaTeX.

See the inputenc package documentation for explanation.
Type  H <return>  for immediate help.
 ...                                              
                                                  
l.3 ...–∞–∑–¥–µ–ª–µ, –ø–æ–∑–≤–æ–ª—è—é—Ç –Ω–∞—Ö–æ–¥
                                                  –∏—Ç—å —Ä–∞—Å—Å—Ç–æ—è–Ω–∏—...

You may provide a definition with
\DeclareUnicodeCharacter 


! Package inputenc Error: Unicode character –∏ (U+0438)
(inputenc)                not set up for use with LaTeX.

See the inputenc package documentation for explanation.
Type  H <return>  for immediate help.
 ...                                              
                                                  
l.3 ...–∑–¥–µ–ª–µ, –ø–æ–∑–≤–æ–ª—è—é—Ç –Ω–∞—Ö–æ–¥–∏
                                                  —Ç—å —Ä–∞—Å—Å—Ç–æ—è–Ω–∏—è ...

You may provide a definition with
\DeclareUnicodeCharacter 


! Package inputenc Error: Unicode character —Ç (U+0442)
(inputenc)                not set up for use with LaTeX.

See the inputenc package documentation for explanation.
Type  H <return>  for immediate help.
 ...                                              
                                                  
l.3 ...–¥–µ–ª–µ, –ø–æ–∑–≤–æ–ª—è—é—Ç –Ω–∞—Ö–æ–¥–∏—Ç
                                                  —å —Ä–∞—Å—Å—Ç–æ—è–Ω–∏—è –õ...

You may provide a definition with
\DeclareUnicodeCharacter 


! Package inputenc Error: Unicode character —å (U+044C)
(inputenc)                not set up for use with LaTeX.

See the inputenc package documentation for explanation.
Type  H <return>  for immediate help.
 ...                                              
                                                  
l.3 ...–µ–ª–µ, –ø–æ–∑–≤–æ–ª—è—é—Ç –Ω–∞—Ö–æ–¥–∏—Ç—å
                                                   —Ä–∞—Å—Å—Ç–æ—è–Ω–∏—è –õ–µ...

You may provide a definition with
\DeclareUnicodeCharacter 


! Package inputenc Error: Unicode character —Ä (U+0440)
(inputenc)                not set up for use with LaTeX.

See the inputenc package documentation for explanation.
Type  H <return>  for immediate help.
 ...                                              
                                                  
l.3 ...ª–µ, –ø–æ–∑–≤–æ–ª—è—é—Ç –Ω–∞—Ö–æ–¥–∏—Ç—å —Ä
                                                  –∞—Å—Å—Ç–æ—è–Ω–∏—è –õ–µ–≤–...

You may provide a definition with
\DeclareUnicodeCharacter 


! Package inputenc Error: Unicode character –∞ (U+0430)
(inputenc)                not set up for use with LaTeX.

See the inputenc package documentation for explanation.
Type  H <return>  for immediate help.
 ...                                              
                                                  
l.3 ...µ, –ø–æ–∑–≤–æ–ª—è—é—Ç –Ω–∞—Ö–æ–¥–∏—Ç—å —Ä–∞
                                                  —Å—Å—Ç–æ—è–Ω–∏—è –õ–µ–≤–µ–...

You may provide a definition with
\DeclareUnicodeCharacter 


! Package inputenc Error: Unicode character —Å (U+0441)
(inputenc)                not set up for use with LaTeX.

See the inputenc package documentation for explanation.
Type  H <return>  for immediate help.
 ...                                              
                                                  
l.3 ... –ø–æ–∑–≤–æ–ª—è—é—Ç –Ω–∞—Ö–æ–¥–∏—Ç—å —Ä–∞—Å
                                                  —Å—Ç–æ—è–Ω–∏—è –õ–µ–≤–µ–Ω—...

You may provide a definition with
\DeclareUnicodeCharacter 


! Package inputenc Error: Unicode character —Å (U+0441)
(inputenc)                not set up for use with LaTeX.

See the inputenc package documentation for explanation.
Type  H <return>  for immediate help.
 ...                                              
                                                  
l.3 ...ø–æ–∑–≤–æ–ª—è—é—Ç –Ω–∞—Ö–æ–¥–∏—Ç—å —Ä–∞—Å—Å
                                                  —Ç–æ—è–Ω–∏—è –õ–µ–≤–µ–Ω—à—...

You may provide a definition with
\DeclareUnicodeCharacter 


! Package inputenc Error: Unicode character —Ç (U+0442)
(inputenc)                not set up for use with LaTeX.

See the inputenc package documentation for explanation.
Type  H <return>  for immediate help.
 ...                                              
                                                  
l.3 ...æ–∑–≤–æ–ª—è—é—Ç –Ω–∞—Ö–æ–¥–∏—Ç—å —Ä–∞—Å—Å—Ç
                                                  –æ—è–Ω–∏—è –õ–µ–≤–µ–Ω—à—Ç–...

You may provide a definition with
\DeclareUnicodeCharacter 


! Package inputenc Error: Unicode character –æ (U+043E)
(inputenc)                not set up for use with LaTeX.

See the inputenc package documentation for explanation.
Type  H <return>  for immediate help.
 ...                                              
                                                  
l.3 ...∑–≤–æ–ª—è—é—Ç –Ω–∞—Ö–æ–¥–∏—Ç—å —Ä–∞—Å—Å—Ç–æ
                                                  —è–Ω–∏—è –õ–µ–≤–µ–Ω—à—Ç–µ–...

You may provide a definition with
\DeclareUnicodeCharacter 


! Package inputenc Error: Unicode character —è (U+044F)
(inputenc)                not set up for use with LaTeX.

See the inputenc package documentation for explanation.
Type  H <return>  for immediate help.
 ...                                              
                                                  
l.3 ...≤–æ–ª—è—é—Ç –Ω–∞—Ö–æ–¥–∏—Ç—å —Ä–∞—Å—Å—Ç–æ—è
                                                  –Ω–∏—è –õ–µ–≤–µ–Ω—à—Ç–µ–π–...

You may provide a definition with
\DeclareUnicodeCharacter 


! Package inputenc Error: Unicode character –Ω (U+043D)
(inputenc)                not set up for use with LaTeX.

See the inputenc package documentation for explanation.
Type  H <return>  for immediate help.
 ...                                              
                                                  
l.3 ...æ–ª—è—é—Ç –Ω–∞—Ö–æ–¥–∏—Ç—å —Ä–∞—Å—Å—Ç–æ—è–Ω
                                                  –∏—è –õ–µ–≤–µ–Ω—à—Ç–µ–π–Ω–...

You may provide a definition with
\DeclareUnicodeCharacter 


! Package inputenc Error: Unicode character –∏ (U+0438)
(inputenc)                not set up for use with LaTeX.

See the inputenc package documentation for explanation.
Type  H <return>  for immediate help.
 ...                                              
                                                  
l.3 ...ª—è—é—Ç –Ω–∞—Ö–æ–¥–∏—Ç—å —Ä–∞—Å—Å—Ç–æ—è–Ω–∏
                                                  —è –õ–µ–≤–µ–Ω—à—Ç–µ–π–Ω–∞ ...

You may provide a definition with
\DeclareUnicodeCharacter 


! Package inputenc Error: Unicode character —è (U+044F)
(inputenc)                not set up for use with LaTeX.

See the inputenc package documentation for explanation.
Type  H <return>  for immediate help.
 ...                                              
                                                  
l.3 ...è—é—Ç –Ω–∞—Ö–æ–¥–∏—Ç—å —Ä–∞—Å—Å—Ç–æ—è–Ω–∏—è
                                                   –õ–µ–≤–µ–Ω—à—Ç–µ–π–Ω–∞ –∏...

You may provide a definition with
\DeclareUnicodeCharacter 


! Package inputenc Error: Unicode character –õ (U+041B)
(inputenc)                not set up for use with LaTeX.

See the inputenc package documentation for explanation.
Type  H <return>  for immediate help.
 ...                                              
                                                  
l.3 ...—Ç –Ω–∞—Ö–æ–¥–∏—Ç—å —Ä–∞—Å—Å—Ç–æ—è–Ω–∏—è –õ
                                                  –µ–≤–µ–Ω—à—Ç–µ–π–Ω–∞ –∏ –î...

You may provide a definition with
\DeclareUnicodeCharacter 


! Package inputenc Error: Unicode character –µ (U+0435)
(inputenc)                not set up for use with LaTeX.

See the inputenc package documentation for explanation.
Type  H <return>  for immediate help.
 ...                                              
                                                  
l.3 ... –Ω–∞—Ö–æ–¥–∏—Ç—å —Ä–∞—Å—Å—Ç–æ—è–Ω–∏—è –õ–µ
                                                  –≤–µ–Ω—à—Ç–µ–π–Ω–∞ –∏ –î–∞...

You may provide a definition with
\DeclareUnicodeCharacter 


! Package inputenc Error: Unicode character –≤ (U+0432)
(inputenc)                not set up for use with LaTeX.

See the inputenc package documentation for explanation.
Type  H <return>  for immediate help.
 ...                                              
                                                  
l.3 ...Ω–∞—Ö–æ–¥–∏—Ç—å —Ä–∞—Å—Å—Ç–æ—è–Ω–∏—è –õ–µ–≤
                                                  –µ–Ω—à—Ç–µ–π–Ω–∞ –∏ –î–∞–º...

You may provide a definition with
\DeclareUnicodeCharacter 


! Package inputenc Error: Unicode character –µ (U+0435)
(inputenc)                not set up for use with LaTeX.

See the inputenc package documentation for explanation.
Type  H <return>  for immediate help.
 ...                                              
                                                  
l.3 ...∞—Ö–æ–¥–∏—Ç—å —Ä–∞—Å—Å—Ç–æ—è–Ω–∏—è –õ–µ–≤–µ
                                                  –Ω—à—Ç–µ–π–Ω–∞ –∏ –î–∞–º–µ...

You may provide a definition with
\DeclareUnicodeCharacter 


! Package inputenc Error: Unicode character –Ω (U+043D)
(inputenc)                not set up for use with LaTeX.

See the inputenc package documentation for explanation.
Type  H <return>  for immediate help.
 ...                                              
                                                  
l.3 ...Ö–æ–¥–∏—Ç—å —Ä–∞—Å—Å—Ç–æ—è–Ω–∏—è –õ–µ–≤–µ–Ω
                                                  —à—Ç–µ–π–Ω–∞ –∏ –î–∞–º–µ—Ä...

You may provide a definition with
\DeclareUnicodeCharacter 


! Package inputenc Error: Unicode character —à (U+0448)
(inputenc)                not set up for use with LaTeX.

See the inputenc package documentation for explanation.
Type  H <return>  for immediate help.
 ...                                              
                                                  
l.3 ...æ–¥–∏—Ç—å —Ä–∞—Å—Å—Ç–æ—è–Ω–∏—è –õ–µ–≤–µ–Ω—à
                                                  —Ç–µ–π–Ω–∞ –∏ –î–∞–º–µ—Ä–∞...

You may provide a definition with
\DeclareUnicodeCharacter 


! Package inputenc Error: Unicode character —Ç (U+0442)
(inputenc)                not set up for use with LaTeX.

See the inputenc package documentation for explanation.
Type  H <return>  for immediate help.
 ...                                              
                                                  
l.3 ...¥–∏—Ç—å —Ä–∞—Å—Å—Ç–æ—è–Ω–∏—è –õ–µ–≤–µ–Ω—à—Ç
                                                  –µ–π–Ω–∞ –∏ –î–∞–º–µ—Ä–∞—É...

You may provide a definition with
\DeclareUnicodeCharacter 


! Package inputenc Error: Unicode character –µ (U+0435)
(inputenc)                not set up for use with LaTeX.

See the inputenc package documentation for explanation.
Type  H <return>  for immediate help.
 ...                                              
                                                  
l.3 ...∏—Ç—å —Ä–∞—Å—Å—Ç–æ—è–Ω–∏—è –õ–µ–≤–µ–Ω—à—Ç–µ
                                                  –π–Ω–∞ –∏ –î–∞–º–µ—Ä–∞—É-–...

You may provide a definition with
\DeclareUnicodeCharacter 


! Package inputenc Error: Unicode character –π (U+0439)
(inputenc)                not set up for use with LaTeX.

See the inputenc package documentation for explanation.
Type  H <return>  for immediate help.
 ...                                              
                                                  
l.3 ...Ç—å —Ä–∞—Å—Å—Ç–æ—è–Ω–∏—è –õ–µ–≤–µ–Ω—à—Ç–µ–π
                                                  –Ω–∞ –∏ –î–∞–º–µ—Ä–∞—É-–õ–...

You may provide a definition with
\DeclareUnicodeCharacter 


! Package inputenc Error: Unicode character –Ω (U+043D)
(inputenc)                not set up for use with LaTeX.

See the inputenc package documentation for explanation.
Type  H <return>  for immediate help.
 ...                                              
                                                  
l.3 ...å —Ä–∞—Å—Å—Ç–æ—è–Ω–∏—è –õ–µ–≤–µ–Ω—à—Ç–µ–π–Ω
                                                  –∞ –∏ –î–∞–º–µ—Ä–∞—É-–õ–µ–...

You may provide a definition with
\DeclareUnicodeCharacter 


! Package inputenc Error: Unicode character –∞ (U+0430)
(inputenc)                not set up for use with LaTeX.

See the inputenc package documentation for explanation.
Type  H <return>  for immediate help.
 ...                                              
                                                  
l.3 ...—Ä–∞—Å—Å—Ç–æ—è–Ω–∏—è –õ–µ–≤–µ–Ω—à—Ç–µ–π–Ω–∞
                                                   –∏ –î–∞–º–µ—Ä–∞—É-–õ–µ–≤–...

You may provide a definition with
\DeclareUnicodeCharacter 


! Package inputenc Error: Unicode character –∏ (U+0438)
(inputenc)                not set up for use with LaTeX.

See the inputenc package documentation for explanation.
Type  H <return>  for immediate help.
 ...                                              
                                                  
l.3 ...∞—Å—Å—Ç–æ—è–Ω–∏—è –õ–µ–≤–µ–Ω—à—Ç–µ–π–Ω–∞ –∏
                                                   –î–∞–º–µ—Ä–∞—É-–õ–µ–≤–µ–Ω...

You may provide a definition with
\DeclareUnicodeCharacter 


! Package inputenc Error: Unicode character –î (U+0414)
(inputenc)                not set up for use with LaTeX.

See the inputenc package documentation for explanation.
Type  H <return>  for immediate help.
 ...                                              
                                                  
l.3 ...—Å—Ç–æ—è–Ω–∏—è –õ–µ–≤–µ–Ω—à—Ç–µ–π–Ω–∞ –∏ –î
                                                  –∞–º–µ—Ä–∞—É-–õ–µ–≤–µ–Ω—à—...

You may provide a definition with
\DeclareUnicodeCharacter 


! Package inputenc Error: Unicode character –∞ (U+0430)
(inputenc)                not set up for use with LaTeX.

See the inputenc package documentation for explanation.
Type  H <return>  for immediate help.
 ...                                              
                                                  
l.3 ...—Ç–æ—è–Ω–∏—è –õ–µ–≤–µ–Ω—à—Ç–µ–π–Ω–∞ –∏ –î–∞
                                                  –º–µ—Ä–∞—É-–õ–µ–≤–µ–Ω—à—Ç–...

You may provide a definition with
\DeclareUnicodeCharacter 


! Package inputenc Error: Unicode character –º (U+043C)
(inputenc)                not set up for use with LaTeX.

See the inputenc package documentation for explanation.
Type  H <return>  for immediate help.
 ...                                              
                                                  
l.3 ...–æ—è–Ω–∏—è –õ–µ–≤–µ–Ω—à—Ç–µ–π–Ω–∞ –∏ –î–∞–º
                                                  –µ—Ä–∞—É-–õ–µ–≤–µ–Ω—à—Ç–µ–...

You may provide a definition with
\DeclareUnicodeCharacter 


! Package inputenc Error: Unicode character –µ (U+0435)
(inputenc)                not set up for use with LaTeX.

See the inputenc package documentation for explanation.
Type  H <return>  for immediate help.
 ...                                              
                                                  
l.3 ...—è–Ω–∏—è –õ–µ–≤–µ–Ω—à—Ç–µ–π–Ω–∞ –∏ –î–∞–º–µ
                                                  —Ä–∞—É-–õ–µ–≤–µ–Ω—à—Ç–µ–π–...

You may provide a definition with
\DeclareUnicodeCharacter 


! Package inputenc Error: Unicode character —Ä (U+0440)
(inputenc)                not set up for use with LaTeX.

See the inputenc package documentation for explanation.
Type  H <return>  for immediate help.
 ...                                              
                                                  
l.3 ...–Ω–∏—è –õ–µ–≤–µ–Ω—à—Ç–µ–π–Ω–∞ –∏ –î–∞–º–µ—Ä
                                                  –∞—É-–õ–µ–≤–µ–Ω—à—Ç–µ–π–Ω–...

You may provide a definition with
\DeclareUnicodeCharacter 


! Package inputenc Error: Unicode character –∞ (U+0430)
(inputenc)                not set up for use with LaTeX.

See the inputenc package documentation for explanation.
Type  H <return>  for immediate help.
 ...                                              
                                                  
l.3 ...–∏—è –õ–µ–≤–µ–Ω—à—Ç–µ–π–Ω–∞ –∏ –î–∞–º–µ—Ä–∞
                                                  —É-–õ–µ–≤–µ–Ω—à—Ç–µ–π–Ω–∞....

You may provide a definition with
\DeclareUnicodeCharacter 


! Package inputenc Error: Unicode character —É (U+0443)
(inputenc)                not set up for use with LaTeX.

See the inputenc package documentation for explanation.
Type  H <return>  for immediate help.
 ...                                              
                                                  
l.3 ...—è –õ–µ–≤–µ–Ω—à—Ç–µ–π–Ω–∞ –∏ –î–∞–º–µ—Ä–∞—É
                                                  -–õ–µ–≤–µ–Ω—à—Ç–µ–π–Ω–∞. –...

You may provide a definition with
\DeclareUnicodeCharacter 

Missing character: There is no - in font nullfont!

! Package inputenc Error: Unicode character –õ (U+041B)
(inputenc)                not set up for use with LaTeX.

See the inputenc package documentation for explanation.
Type  H <return>  for immediate help.
 ...                                              
                                                  
l.3 ...–õ–µ–≤–µ–Ω—à—Ç–µ–π–Ω–∞ –∏ –î–∞–º–µ—Ä–∞—É-–õ
                                                  –µ–≤–µ–Ω—à—Ç–µ–π–Ω–∞. –û–¥...

You may provide a definition with
\DeclareUnicodeCharacter 


! Package inputenc Error: Unicode character –µ (U+0435)
(inputenc)                not set up for use with LaTeX.

See the inputenc package documentation for explanation.
Type  H <return>  for immediate help.
 ...                                              
                                                  
l.3 ...–µ–≤–µ–Ω—à—Ç–µ–π–Ω–∞ –∏ –î–∞–º–µ—Ä–∞—É-–õ–µ
                                                  –≤–µ–Ω—à—Ç–µ–π–Ω–∞. –û–¥–Ω...

You may provide a definition with
\DeclareUnicodeCharacter 


! Package inputenc Error: Unicode character –≤ (U+0432)
(inputenc)                not set up for use with LaTeX.

See the inputenc package documentation for explanation.
Type  H <return>  for immediate help.
 ...                                              
                                                  
l.3 ...–≤–µ–Ω—à—Ç–µ–π–Ω–∞ –∏ –î–∞–º–µ—Ä–∞—É-–õ–µ–≤
                                                  –µ–Ω—à—Ç–µ–π–Ω–∞. –û–¥–Ω–∞...

You may provide a definition with
\DeclareUnicodeCharacter 


! Package inputenc Error: Unicode character –µ (U+0435)
(inputenc)                not set up for use with LaTeX.

See the inputenc package documentation for explanation.
Type  H <return>  for immediate help.
 ...                                              
                                                  
l.3 ...–µ–Ω—à—Ç–µ–π–Ω–∞ –∏ –î–∞–º–µ—Ä–∞—É-–õ–µ–≤–µ
                                                  –Ω—à—Ç–µ–π–Ω–∞. –û–¥–Ω–∞–∫...

You may provide a definition with
\DeclareUnicodeCharacter 


! Package inputenc Error: Unicode character –Ω (U+043D)
(inputenc)                not set up for use with LaTeX.

See the inputenc package documentation for explanation.
Type  H <return>  for immediate help.
 ...                                              
                                                  
l.3 ...–Ω—à—Ç–µ–π–Ω–∞ –∏ –î–∞–º–µ—Ä–∞—É-–õ–µ–≤–µ–Ω
                                                  —à—Ç–µ–π–Ω–∞. –û–¥–Ω–∞–∫–æ...

You may provide a definition with
\DeclareUnicodeCharacter 


! Package inputenc Error: Unicode character —à (U+0448)
(inputenc)                not set up for use with LaTeX.

See the inputenc package documentation for explanation.
Type  H <return>  for immediate help.
 ...                                              
                                                  
l.3 ...—à—Ç–µ–π–Ω–∞ –∏ –î–∞–º–µ—Ä–∞—É-–õ–µ–≤–µ–Ω—à
                                                  —Ç–µ–π–Ω–∞. –û–¥–Ω–∞–∫–æ –...

You may provide a definition with
\DeclareUnicodeCharacter 


! Package inputenc Error: Unicode character —Ç (U+0442)
(inputenc)                not set up for use with LaTeX.

See the inputenc package documentation for explanation.
Type  H <return>  for immediate help.
 ...                                              
                                                  
l.3 ...—Ç–µ–π–Ω–∞ –∏ –î–∞–º–µ—Ä–∞—É-–õ–µ–≤–µ–Ω—à—Ç
                                                  –µ–π–Ω–∞. –û–¥–Ω–∞–∫–æ –ø—...

You may provide a definition with
\DeclareUnicodeCharacter 


! Package inputenc Error: Unicode character –µ (U+0435)
(inputenc)                not set up for use with LaTeX.

See the inputenc package documentation for explanation.
Type  H <return>  for immediate help.
 ...                                              
                                                  
l.3 ...–µ–π–Ω–∞ –∏ –î–∞–º–µ—Ä–∞—É-–õ–µ–≤–µ–Ω—à—Ç–µ
                                                  –π–Ω–∞. –û–¥–Ω–∞–∫–æ –ø—Ä–...

You may provide a definition with
\DeclareUnicodeCharacter 


! Package inputenc Error: Unicode character –π (U+0439)
(inputenc)                not set up for use with LaTeX.

See the inputenc package documentation for explanation.
Type  H <return>  for immediate help.
 ...                                              
                                                  
l.3 ...–π–Ω–∞ –∏ –î–∞–º–µ—Ä–∞—É-–õ–µ–≤–µ–Ω—à—Ç–µ–π
                                                  –Ω–∞. –û–¥–Ω–∞–∫–æ –ø—Ä–∏ ...

You may provide a definition with
\DeclareUnicodeCharacter 


! Package inputenc Error: Unicode character –Ω (U+043D)
(inputenc)                not set up for use with LaTeX.

See the inputenc package documentation for explanation.
Type  H <return>  for immediate help.
 ...                                              
                                                  
l.3 ...–Ω–∞ –∏ –î–∞–º–µ—Ä–∞—É-–õ–µ–≤–µ–Ω—à—Ç–µ–π–Ω
                                                  –∞. –û–¥–Ω–∞–∫–æ –ø—Ä–∏ —Ä...

You may provide a definition with
\DeclareUnicodeCharacter 


! Package inputenc Error: Unicode character –∞ (U+0430)
(inputenc)                not set up for use with LaTeX.

See the inputenc package documentation for explanation.
Type  H <return>  for immediate help.
 ...                                              
                                                  
l.3 ...–∞ –∏ –î–∞–º–µ—Ä–∞—É-–õ–µ–≤–µ–Ω—à—Ç–µ–π–Ω–∞
                                                  . –û–¥–Ω–∞–∫–æ –ø—Ä–∏ —Ä–∞...

You may provide a definition with
\DeclareUnicodeCharacter 

Missing character: There is no . in font nullfont!

! Package inputenc Error: Unicode character –û (U+041E)
(inputenc)                not set up for use with LaTeX.

See the inputenc package documentation for explanation.
Type  H <return>  for immediate help.
 ...                                              
                                                  
l.3 ...∏ –î–∞–º–µ—Ä–∞—É-–õ–µ–≤–µ–Ω—à—Ç–µ–π–Ω–∞. –û
                                                  –¥–Ω–∞–∫–æ –ø—Ä–∏ —Ä–∞–∑—Ä...

You may provide a definition with
\DeclareUnicodeCharacter 


! Package inputenc Error: Unicode character –¥ (U+0434)
(inputenc)                not set up for use with LaTeX.

See the inputenc package documentation for explanation.
Type  H <return>  for immediate help.
 ...                                              
                                                  
l.3 ...–î–∞–º–µ—Ä–∞—É-–õ–µ–≤–µ–Ω—à—Ç–µ–π–Ω–∞. –û–¥
                                                  –Ω–∞–∫–æ –ø—Ä–∏ —Ä–∞–∑—Ä–∞...

You may provide a definition with
\DeclareUnicodeCharacter 


! Package inputenc Error: Unicode character –Ω (U+043D)
(inputenc)                not set up for use with LaTeX.

See the inputenc package documentation for explanation.
Type  H <return>  for immediate help.
 ...                                              
                                                  
l.3 ...–∞–º–µ—Ä–∞—É-–õ–µ–≤–µ–Ω—à—Ç–µ–π–Ω–∞. –û–¥–Ω
                                                  –∞–∫–æ –ø—Ä–∏ —Ä–∞–∑—Ä–∞–±...

You may provide a definition with
\DeclareUnicodeCharacter 


! Package inputenc Error: Unicode character –∞ (U+0430)
(inputenc)                not set up for use with LaTeX.

See the inputenc package documentation for explanation.
Type  H <return>  for immediate help.
 ...                                              
                                                  
l.3 ...–º–µ—Ä–∞—É-–õ–µ–≤–µ–Ω—à—Ç–µ–π–Ω–∞. –û–¥–Ω–∞
                                                  –∫–æ –ø—Ä–∏ —Ä–∞–∑—Ä–∞–±–æ...

You may provide a definition with
\DeclareUnicodeCharacter 


! Package inputenc Error: Unicode character –∫ (U+043A)
(inputenc)                not set up for use with LaTeX.

See the inputenc package documentation for explanation.
Type  H <return>  for immediate help.
 ...                                              
                                                  
l.3 ...–µ—Ä–∞—É-–õ–µ–≤–µ–Ω—à—Ç–µ–π–Ω–∞. –û–¥–Ω–∞–∫
                                                  –æ –ø—Ä–∏ —Ä–∞–∑—Ä–∞–±–æ—Ç...

You may provide a definition with
\DeclareUnicodeCharacter 


! Package inputenc Error: Unicode character –æ (U+043E)
(inputenc)                not set up for use with LaTeX.

See the inputenc package documentation for explanation.
Type  H <return>  for immediate help.
 ...                                              
                                                  
l.3 ...—Ä–∞—É-–õ–µ–≤–µ–Ω—à—Ç–µ–π–Ω–∞. –û–¥–Ω–∞–∫–æ
                                                   –ø—Ä–∏ —Ä–∞–∑—Ä–∞–±–æ—Ç–∫...

You may provide a definition with
\DeclareUnicodeCharacter 


! Package inputenc Error: Unicode character –ø (U+043F)
(inputenc)                not set up for use with LaTeX.

See the inputenc package documentation for explanation.
Type  H <return>  for immediate help.
 ...                                              
                                                  
l.3 ...∞—É-–õ–µ–≤–µ–Ω—à—Ç–µ–π–Ω–∞. –û–¥–Ω–∞–∫–æ –ø
                                                  —Ä–∏ —Ä–∞–∑—Ä–∞–±–æ—Ç–∫–µ ...

You may provide a definition with
\DeclareUnicodeCharacter 


! Package inputenc Error: Unicode character —Ä (U+0440)
(inputenc)                not set up for use with LaTeX.

See the inputenc package documentation for explanation.
Type  H <return>  for immediate help.
 ...                                              
                                                  
l.3 ...É-–õ–µ–≤–µ–Ω—à—Ç–µ–π–Ω–∞. –û–¥–Ω–∞–∫–æ –ø—Ä
                                                  –∏ —Ä–∞–∑—Ä–∞–±–æ—Ç–∫–µ –∞...

You may provide a definition with
\DeclareUnicodeCharacter 


! Package inputenc Error: Unicode character –∏ (U+0438)
(inputenc)                not set up for use with LaTeX.

See the inputenc package documentation for explanation.
Type  H <return>  for immediate help.
 ...                                              
                                                  
l.3 ...–õ–µ–≤–µ–Ω—à—Ç–µ–π–Ω–∞. –û–¥–Ω–∞–∫–æ –ø—Ä–∏
                                                   —Ä–∞–∑—Ä–∞–±–æ—Ç–∫–µ –∞–ª...

You may provide a definition with
\DeclareUnicodeCharacter 


! Package inputenc Error: Unicode character —Ä (U+0440)
(inputenc)                not set up for use with LaTeX.

See the inputenc package documentation for explanation.
Type  H <return>  for immediate help.
 ...                                              
                                                  
l.3 ...µ–≤–µ–Ω—à—Ç–µ–π–Ω–∞. –û–¥–Ω–∞–∫–æ –ø—Ä–∏ —Ä
                                                  –∞–∑—Ä–∞–±–æ—Ç–∫–µ –∞–ª–≥–...

You may provide a definition with
\DeclareUnicodeCharacter 


! Package inputenc Error: Unicode character –∞ (U+0430)
(inputenc)                not set up for use with LaTeX.

See the inputenc package documentation for explanation.
Type  H <return>  for immediate help.
 ...                                              
                                                  
l.3 ...≤–µ–Ω—à—Ç–µ–π–Ω–∞. –û–¥–Ω–∞–∫–æ –ø—Ä–∏ —Ä–∞
                                                  –∑—Ä–∞–±–æ—Ç–∫–µ –∞–ª–≥–æ—...
(That makes 100 errors; please try again.) 
Here is how much of TeX's memory you used:
 50 strings out of 478864
 818 string characters out of 2858518
 292975 words of memory out of 10000000
 18074 multiletter control sequences out of 15000+600000
 403430 words of font info for 27 fonts, out of 8000000 for 9000
 1141 hyphenation exceptions out of 8191
 13i,0n,12p,637b,28s stack positions out of 5000i,500n,10000p,200000b,80000s

!  ==> Fatal error occurred, no output PDF file produced!
